16:33:48.420 [main] DEBUG org.apache.http.impl.conn.BasicClientConnectionManager - Get connection for route {s}->https://reqres.in:443
16:33:48.511 [main] DEBUG org.apache.http.impl.conn.DefaultClientConnectionOperator - Connecting to reqres.in:443
16:33:48.913 [main] DEBUG org.apache.http.client.protocol.RequestAddCookies - CookieSpec selected: ignoreCookies
16:33:48.913 [main] DEBUG org.apache.http.client.protocol.RequestAuthCache - Auth cache not set in the context
16:33:48.913 [main] DEBUG org.apache.http.client.protocol.RequestTargetAuthentication - Target auth state: UNCHALLENGED
16:33:48.913 [main] DEBUG org.apache.http.client.protocol.RequestProxyAuthentication - Proxy auth state: UNCHALLENGED
16:33:48.913 [main] DEBUG org.apache.http.impl.client.DefaultHttpClient - Attempt 1 to execute request
16:33:48.929 [main] DEBUG org.apache.http.impl.conn.DefaultClientConnection - Sending request: PUT /api/users/3 HTTP/1.1
16:33:48.929 [main] DEBUG org.apache.http.wire -  >> "PUT /api/users/3 HTTP/1.1[\r][\n]"
16:33:48.929 [main] DEBUG org.apache.http.wire -  >> "Accept: application/json, application/javascript, text/javascript, text/json[\r][\n]"
16:33:48.929 [main] DEBUG org.apache.http.wire -  >> "Content-Type: text/plain; charset=ISO-8859-1[\r][\n]"
16:33:48.929 [main] DEBUG org.apache.http.wire -  >> "Content-Length: 32[\r][\n]"
16:33:48.929 [main] DEBUG org.apache.http.wire -  >> "Host: reqres.in[\r][\n]"
16:33:48.929 [main] DEBUG org.apache.http.wire -  >> "Connection: Keep-Alive[\r][\n]"
16:33:48.929 [main] DEBUG org.apache.http.wire -  >> "User-Agent: Apache-HttpClient/4.5.6 (Java/11.0.8)[\r][\n]"
16:33:48.929 [main] DEBUG org.apache.http.wire -  >> "Accept-Encoding: gzip,deflate[\r][\n]"
16:33:48.929 [main] DEBUG org.apache.http.wire -  >> "[\r][\n]"
16:33:48.929 [main] DEBUG org.apache.http.headers - >> PUT /api/users/3 HTTP/1.1
16:33:48.929 [main] DEBUG org.apache.http.headers - >> Accept: application/json, application/javascript, text/javascript, text/json
16:33:48.929 [main] DEBUG org.apache.http.headers - >> Content-Type: text/plain; charset=ISO-8859-1
16:33:48.929 [main] DEBUG org.apache.http.headers - >> Content-Length: 32
16:33:48.929 [main] DEBUG org.apache.http.headers - >> Host: reqres.in
16:33:48.929 [main] DEBUG org.apache.http.headers - >> Connection: Keep-Alive
16:33:48.929 [main] DEBUG org.apache.http.headers - >> User-Agent: Apache-HttpClient/4.5.6 (Java/11.0.8)
16:33:48.929 [main] DEBUG org.apache.http.headers - >> Accept-Encoding: gzip,deflate
16:33:48.929 [main] DEBUG org.apache.http.wire -  >> "{"name":"Anar","job":"Engineer"}"
16:33:49.261 [main] DEBUG org.apache.http.wire -  << "HTTP/1.1 200 OK[\r][\n]"
16:33:49.277 [main] DEBUG org.apache.http.wire -  << "Date: Sat, 26 Dec 2020 00:33:49 GMT[\r][\n]"
16:33:49.277 [main] DEBUG org.apache.http.wire -  << "Content-Type: application/json; charset=utf-8[\r][\n]"
16:33:49.277 [main] DEBUG org.apache.http.wire -  << "Content-Length: 40[\r][\n]"
16:33:49.277 [main] DEBUG org.apache.http.wire -  << "Connection: keep-alive[\r][\n]"
16:33:49.277 [main] DEBUG org.apache.http.wire -  << "Set-Cookie: __cfduid=da472b915bb7dcf140665715b5c07f55f1608942828; expires=Mon, 25-Jan-21 00:33:48 GMT; path=/; domain=.reqres.in; HttpOnly; SameSite=Lax; Secure[\r][\n]"
16:33:49.277 [main] DEBUG org.apache.http.wire -  << "X-Powered-By: Express[\r][\n]"
16:33:49.277 [main] DEBUG org.apache.http.wire -  << "Access-Control-Allow-Origin: *[\r][\n]"
16:33:49.277 [main] DEBUG org.apache.http.wire -  << "Etag: W/"28-gG3umROB2mJgv/iLC44ylJOPQCI"[\r][\n]"
16:33:49.277 [main] DEBUG org.apache.http.wire -  << "Via: 1.1 vegur[\r][\n]"
16:33:49.277 [main] DEBUG org.apache.http.wire -  << "CF-Cache-Status: DYNAMIC[\r][\n]"
16:33:49.277 [main] DEBUG org.apache.http.wire -  << "cf-request-id: 073e1055b4000002bc3b3ab000000001[\r][\n]"
16:33:49.277 [main] DEBUG org.apache.http.wire -  << "Expect-CT: max-age=604800, report-uri="https://report-uri.cloudflare.com/cdn-cgi/beacon/expect-ct"[\r][\n]"
16:33:49.277 [main] DEBUG org.apache.http.wire -  << "Report-To: {"endpoints":[{"url":"https:\/\/a.nel.cloudflare.com\/report?s=8DHuFvZf9CNHTU3KcR64DMWw1jxPxgoUcuhwbFSgN%2FK%2BN1SSA4u6F322Rsd4uaMnVN1atRIjQg2C95QlCc%2BL5dtAZEXsqk6jdb8%3D"}],"group":"cf-nel","max_age":604800}[\r][\n]"
16:33:49.277 [main] DEBUG org.apache.http.wire -  << "NEL: {"report_to":"cf-nel","max_age":604800}[\r][\n]"
16:33:49.277 [main] DEBUG org.apache.http.wire -  << "Vary: Accept-Encoding[\r][\n]"
16:33:49.277 [main] DEBUG org.apache.http.wire -  << "Server: cloudflare[\r][\n]"
16:33:49.277 [main] DEBUG org.apache.http.wire -  << "CF-RAY: 6076b6691d1302bc-SEA[\r][\n]"
16:33:49.277 [main] DEBUG org.apache.http.wire -  << "[\r][\n]"
16:33:49.277 [main] DEBUG org.apache.http.impl.conn.DefaultClientConnection - Receiving response: HTTP/1.1 200 OK
16:33:49.277 [main] DEBUG org.apache.http.headers - << HTTP/1.1 200 OK
16:33:49.277 [main] DEBUG org.apache.http.headers - << Date: Sat, 26 Dec 2020 00:33:49 GMT
16:33:49.277 [main] DEBUG org.apache.http.headers - << Content-Type: application/json; charset=utf-8
16:33:49.277 [main] DEBUG org.apache.http.headers - << Content-Length: 40
16:33:49.277 [main] DEBUG org.apache.http.headers - << Connection: keep-alive
16:33:49.277 [main] DEBUG org.apache.http.headers - << Set-Cookie: __cfduid=da472b915bb7dcf140665715b5c07f55f1608942828; expires=Mon, 25-Jan-21 00:33:48 GMT; path=/; domain=.reqres.in; HttpOnly; SameSite=Lax; Secure
16:33:49.277 [main] DEBUG org.apache.http.headers - << X-Powered-By: Express
16:33:49.277 [main] DEBUG org.apache.http.headers - << Access-Control-Allow-Origin: *
16:33:49.277 [main] DEBUG org.apache.http.headers - << Etag: W/"28-gG3umROB2mJgv/iLC44ylJOPQCI"
16:33:49.277 [main] DEBUG org.apache.http.headers - << Via: 1.1 vegur
16:33:49.277 [main] DEBUG org.apache.http.headers - << CF-Cache-Status: DYNAMIC
16:33:49.277 [main] DEBUG org.apache.http.headers - << cf-request-id: 073e1055b4000002bc3b3ab000000001
16:33:49.277 [main] DEBUG org.apache.http.headers - << Expect-CT: max-age=604800, report-uri="https://report-uri.cloudflare.com/cdn-cgi/beacon/expect-ct"
16:33:49.277 [main] DEBUG org.apache.http.headers - << Report-To: {"endpoints":[{"url":"https:\/\/a.nel.cloudflare.com\/report?s=8DHuFvZf9CNHTU3KcR64DMWw1jxPxgoUcuhwbFSgN%2FK%2BN1SSA4u6F322Rsd4uaMnVN1atRIjQg2C95QlCc%2BL5dtAZEXsqk6jdb8%3D"}],"group":"cf-nel","max_age":604800}
16:33:49.277 [main] DEBUG org.apache.http.headers - << NEL: {"report_to":"cf-nel","max_age":604800}
16:33:49.277 [main] DEBUG org.apache.http.headers - << Vary: Accept-Encoding
16:33:49.277 [main] DEBUG org.apache.http.headers - << Server: cloudflare
16:33:49.277 [main] DEBUG org.apache.http.headers - << CF-RAY: 6076b6691d1302bc-SEA
16:33:49.292 [main] DEBUG org.apache.http.impl.client.DefaultHttpClient - Connection can be kept alive indefinitely
16:33:49.315 [main] DEBUG io.restassured.internal.RequestSpecificationImpl$RestAssuredHttpBuilder - Parsing response as: application/json; charset=utf-8
16:33:49.315 [main] DEBUG io.restassured.internal.RequestSpecificationImpl$RestAssuredHttpBuilder - Parsed data to instance of: class org.apache.http.conn.EofSensorInputStream
16:33:49.431 [main] DEBUG org.apache.http.wire -  << "{"updatedAt":"2020-12-26T00:33:49.217Z"}"
16:33:49.431 [main] DEBUG org.apache.http.impl.conn.BasicClientConnectionManager - Releasing connection org.apache.http.impl.conn.ManagedClientConnectionImpl@6367a688
16:33:49.431 [main] DEBUG org.apache.http.impl.conn.BasicClientConnectionManager - Connection can be kept alive indefinitely
