15:50:55.946 [main] DEBUG org.apache.http.impl.conn.BasicClientConnectionManager - Get connection for route {}->http://216.10.245.166:80
15:50:55.961 [main] DEBUG org.apache.http.impl.conn.DefaultClientConnectionOperator - Connecting to 216.10.245.166:80
15:50:56.305 [main] DEBUG org.apache.http.client.protocol.RequestAddCookies - CookieSpec selected: ignoreCookies
15:50:56.305 [main] DEBUG org.apache.http.client.protocol.RequestAuthCache - Auth cache not set in the context
15:50:56.305 [main] DEBUG org.apache.http.client.protocol.RequestTargetAuthentication - Target auth state: UNCHALLENGED
15:50:56.305 [main] DEBUG org.apache.http.client.protocol.RequestProxyAuthentication - Proxy auth state: UNCHALLENGED
15:50:56.305 [main] DEBUG org.apache.http.impl.client.DefaultHttpClient - Attempt 1 to execute request
15:50:56.305 [main] DEBUG org.apache.http.impl.conn.DefaultClientConnection - Sending request: POST /Library/Addbook.php HTTP/1.1
15:50:56.305 [main] DEBUG org.apache.http.wire -  >> "POST /Library/Addbook.php HTTP/1.1[\r][\n]"
15:50:56.321 [main] DEBUG org.apache.http.wire -  >> "Accept: */*[\r][\n]"
15:50:56.321 [main] DEBUG org.apache.http.wire -  >> "Content-Type: application/json; charset=UTF-8[\r][\n]"
15:50:56.321 [main] DEBUG org.apache.http.wire -  >> "Content-Length: 84[\r][\n]"
15:50:56.321 [main] DEBUG org.apache.http.wire -  >> "Host: 216.10.245.166[\r][\n]"
15:50:56.321 [main] DEBUG org.apache.http.wire -  >> "Connection: Keep-Alive[\r][\n]"
15:50:56.321 [main] DEBUG org.apache.http.wire -  >> "User-Agent: Apache-HttpClient/4.5.6 (Java/11.0.8)[\r][\n]"
15:50:56.321 [main] DEBUG org.apache.http.wire -  >> "Accept-Encoding: gzip,deflate[\r][\n]"
15:50:56.321 [main] DEBUG org.apache.http.wire -  >> "[\r][\n]"
15:50:56.321 [main] DEBUG org.apache.http.headers - >> POST /Library/Addbook.php HTTP/1.1
15:50:56.321 [main] DEBUG org.apache.http.headers - >> Accept: */*
15:50:56.321 [main] DEBUG org.apache.http.headers - >> Content-Type: application/json; charset=UTF-8
15:50:56.321 [main] DEBUG org.apache.http.headers - >> Content-Length: 84
15:50:56.321 [main] DEBUG org.apache.http.headers - >> Host: 216.10.245.166
15:50:56.321 [main] DEBUG org.apache.http.headers - >> Connection: Keep-Alive
15:50:56.321 [main] DEBUG org.apache.http.headers - >> User-Agent: Apache-HttpClient/4.5.6 (Java/11.0.8)
15:50:56.321 [main] DEBUG org.apache.http.headers - >> Accept-Encoding: gzip,deflate
15:50:56.321 [main] DEBUG org.apache.http.wire -  >> "{[\r][\n]"
15:50:56.321 [main] DEBUG org.apache.http.wire -  >> "  "name": " minutes",[\r][\n]"
15:50:56.321 [main] DEBUG org.apache.http.wire -  >> "  "isbn": "sx",[\r][\n]"
15:50:56.321 [main] DEBUG org.apache.http.wire -  >> "  "aisle": "3",[\r][\n]"
15:50:56.321 [main] DEBUG org.apache.http.wire -  >> "  "author": "cXose"[\r][\n]"
15:50:56.321 [main] DEBUG org.apache.http.wire -  >> "}[\r][\n]"
15:50:56.649 [main] DEBUG org.apache.http.wire -  << "HTTP/1.1 404 Not Found[\r][\n]"
15:50:56.649 [main] DEBUG org.apache.http.wire -  << "Date: Mon, 26 Oct 2020 22:50:56 GMT[\r][\n]"
15:50:56.649 [main] DEBUG org.apache.http.wire -  << "Server: Apache[\r][\n]"
15:50:56.649 [main] DEBUG org.apache.http.wire -  << "Access-Control-Allow-Origin: *[\r][\n]"
15:50:56.649 [main] DEBUG org.apache.http.wire -  << "Access-Control-Allow-Methods: POST[\r][\n]"
15:50:56.649 [main] DEBUG org.apache.http.wire -  << "Access-Control-Max-Age: 3600[\r][\n]"
15:50:56.649 [main] DEBUG org.apache.http.wire -  << "Access-Control-Allow-Headers: Content-Type, Access-Control-Allow-Headers, Authorization, X-Requested-With[\r][\n]"
15:50:56.649 [main] DEBUG org.apache.http.wire -  << "Keep-Alive: timeout=5, max=100[\r][\n]"
15:50:56.649 [main] DEBUG org.apache.http.wire -  << "Connection: Keep-Alive[\r][\n]"
15:50:56.649 [main] DEBUG org.apache.http.wire -  << "Transfer-Encoding: chunked[\r][\n]"
15:50:56.649 [main] DEBUG org.apache.http.wire -  << "Content-Type: application/json;charset=UTF-8[\r][\n]"
15:50:56.649 [main] DEBUG org.apache.http.wire -  << "[\r][\n]"
15:50:56.649 [main] DEBUG org.apache.http.impl.conn.DefaultClientConnection - Receiving response: HTTP/1.1 404 Not Found
15:50:56.649 [main] DEBUG org.apache.http.headers - << HTTP/1.1 404 Not Found
15:50:56.649 [main] DEBUG org.apache.http.headers - << Date: Mon, 26 Oct 2020 22:50:56 GMT
15:50:56.649 [main] DEBUG org.apache.http.headers - << Server: Apache
15:50:56.649 [main] DEBUG org.apache.http.headers - << Access-Control-Allow-Origin: *
15:50:56.649 [main] DEBUG org.apache.http.headers - << Access-Control-Allow-Methods: POST
15:50:56.649 [main] DEBUG org.apache.http.headers - << Access-Control-Max-Age: 3600
15:50:56.649 [main] DEBUG org.apache.http.headers - << Access-Control-Allow-Headers: Content-Type, Access-Control-Allow-Headers, Authorization, X-Requested-With
15:50:56.649 [main] DEBUG org.apache.http.headers - << Keep-Alive: timeout=5, max=100
15:50:56.649 [main] DEBUG org.apache.http.headers - << Connection: Keep-Alive
15:50:56.649 [main] DEBUG org.apache.http.headers - << Transfer-Encoding: chunked
15:50:56.649 [main] DEBUG org.apache.http.headers - << Content-Type: application/json;charset=UTF-8
15:50:56.665 [main] DEBUG org.apache.http.impl.client.DefaultHttpClient - Connection can be kept alive for 5000 MILLISECONDS
15:50:56.680 [main] DEBUG io.restassured.internal.RequestSpecificationImpl$RestAssuredHttpBuilder - Parsing response as: application/json;charset=UTF-8
15:50:56.680 [main] DEBUG io.restassured.internal.RequestSpecificationImpl$RestAssuredHttpBuilder - Parsed data to instance of: class org.apache.http.conn.EofSensorInputStream
15:53:48.359 [main] DEBUG org.apache.http.impl.conn.BasicClientConnectionManager - Get connection for route {}->http://216.10.245.166:80
15:53:48.402 [main] DEBUG org.apache.http.impl.conn.DefaultClientConnectionOperator - Connecting to 216.10.245.166:80
15:53:48.748 [main] DEBUG org.apache.http.client.protocol.RequestAddCookies - CookieSpec selected: ignoreCookies
15:53:48.750 [main] DEBUG org.apache.http.client.protocol.RequestAuthCache - Auth cache not set in the context
15:53:48.751 [main] DEBUG org.apache.http.client.protocol.RequestTargetAuthentication - Target auth state: UNCHALLENGED
15:53:48.753 [main] DEBUG org.apache.http.client.protocol.RequestProxyAuthentication - Proxy auth state: UNCHALLENGED
15:53:48.754 [main] DEBUG org.apache.http.impl.client.DefaultHttpClient - Attempt 1 to execute request
15:53:48.758 [main] DEBUG org.apache.http.impl.conn.DefaultClientConnection - Sending request: POST /Library/Addbook.php HTTP/1.1
15:53:48.759 [main] DEBUG org.apache.http.wire -  >> "POST /Library/Addbook.php HTTP/1.1[\r][\n]"
15:53:48.762 [main] DEBUG org.apache.http.wire -  >> "Accept: */*[\r][\n]"
15:53:48.762 [main] DEBUG org.apache.http.wire -  >> "Content-Type: application/json; charset=UTF-8[\r][\n]"
15:53:48.762 [main] DEBUG org.apache.http.wire -  >> "Content-Length: 84[\r][\n]"
15:53:48.765 [main] DEBUG org.apache.http.wire -  >> "Host: 216.10.245.166[\r][\n]"
15:53:48.766 [main] DEBUG org.apache.http.wire -  >> "Connection: Keep-Alive[\r][\n]"
15:53:48.766 [main] DEBUG org.apache.http.wire -  >> "User-Agent: Apache-HttpClient/4.5.6 (Java/11.0.8)[\r][\n]"
15:53:48.766 [main] DEBUG org.apache.http.wire -  >> "Accept-Encoding: gzip,deflate[\r][\n]"
15:53:48.766 [main] DEBUG org.apache.http.wire -  >> "[\r][\n]"
15:53:48.766 [main] DEBUG org.apache.http.headers - >> POST /Library/Addbook.php HTTP/1.1
15:53:48.770 [main] DEBUG org.apache.http.headers - >> Accept: */*
15:53:48.770 [main] DEBUG org.apache.http.headers - >> Content-Type: application/json; charset=UTF-8
15:53:48.771 [main] DEBUG org.apache.http.headers - >> Content-Length: 84
15:53:48.771 [main] DEBUG org.apache.http.headers - >> Host: 216.10.245.166
15:53:48.771 [main] DEBUG org.apache.http.headers - >> Connection: Keep-Alive
15:53:48.771 [main] DEBUG org.apache.http.headers - >> User-Agent: Apache-HttpClient/4.5.6 (Java/11.0.8)
15:53:48.771 [main] DEBUG org.apache.http.headers - >> Accept-Encoding: gzip,deflate
15:53:48.775 [main] DEBUG org.apache.http.wire -  >> "{[\r][\n]"
15:53:48.776 [main] DEBUG org.apache.http.wire -  >> "  "name": " minutes",[\r][\n]"
15:53:48.776 [main] DEBUG org.apache.http.wire -  >> "  "isbn": "sx",[\r][\n]"
15:53:48.776 [main] DEBUG org.apache.http.wire -  >> "  "aisle": "3",[\r][\n]"
15:53:48.776 [main] DEBUG org.apache.http.wire -  >> "  "author": "cXose"[\r][\n]"
15:53:48.776 [main] DEBUG org.apache.http.wire -  >> "}[\r][\n]"
15:53:49.764 [main] DEBUG org.apache.http.wire -  << "HTTP/1.1 404 Not Found[\r][\n]"
15:53:49.769 [main] DEBUG org.apache.http.wire -  << "Date: Mon, 26 Oct 2020 22:53:49 GMT[\r][\n]"
15:53:49.769 [main] DEBUG org.apache.http.wire -  << "Server: Apache[\r][\n]"
15:53:49.769 [main] DEBUG org.apache.http.wire -  << "Access-Control-Allow-Origin: *[\r][\n]"
15:53:49.769 [main] DEBUG org.apache.http.wire -  << "Access-Control-Allow-Methods: POST[\r][\n]"
15:53:49.769 [main] DEBUG org.apache.http.wire -  << "Access-Control-Max-Age: 3600[\r][\n]"
15:53:49.770 [main] DEBUG org.apache.http.wire -  << "Access-Control-Allow-Headers: Content-Type, Access-Control-Allow-Headers, Authorization, X-Requested-With[\r][\n]"
15:53:49.773 [main] DEBUG org.apache.http.wire -  << "Keep-Alive: timeout=5, max=100[\r][\n]"
15:53:49.773 [main] DEBUG org.apache.http.wire -  << "Connection: Keep-Alive[\r][\n]"
15:53:49.773 [main] DEBUG org.apache.http.wire -  << "Transfer-Encoding: chunked[\r][\n]"
15:53:49.773 [main] DEBUG org.apache.http.wire -  << "Content-Type: application/json;charset=UTF-8[\r][\n]"
15:53:49.773 [main] DEBUG org.apache.http.wire -  << "[\r][\n]"
15:53:49.778 [main] DEBUG org.apache.http.impl.conn.DefaultClientConnection - Receiving response: HTTP/1.1 404 Not Found
15:53:49.778 [main] DEBUG org.apache.http.headers - << HTTP/1.1 404 Not Found
15:53:49.778 [main] DEBUG org.apache.http.headers - << Date: Mon, 26 Oct 2020 22:53:49 GMT
15:53:49.778 [main] DEBUG org.apache.http.headers - << Server: Apache
15:53:49.778 [main] DEBUG org.apache.http.headers - << Access-Control-Allow-Origin: *
15:53:49.778 [main] DEBUG org.apache.http.headers - << Access-Control-Allow-Methods: POST
15:53:49.781 [main] DEBUG org.apache.http.headers - << Access-Control-Max-Age: 3600
15:53:49.781 [main] DEBUG org.apache.http.headers - << Access-Control-Allow-Headers: Content-Type, Access-Control-Allow-Headers, Authorization, X-Requested-With
15:53:49.781 [main] DEBUG org.apache.http.headers - << Keep-Alive: timeout=5, max=100
15:53:49.781 [main] DEBUG org.apache.http.headers - << Connection: Keep-Alive
15:53:49.781 [main] DEBUG org.apache.http.headers - << Transfer-Encoding: chunked
15:53:49.783 [main] DEBUG org.apache.http.headers - << Content-Type: application/json;charset=UTF-8
15:53:49.793 [main] DEBUG org.apache.http.impl.client.DefaultHttpClient - Connection can be kept alive for 5000 MILLISECONDS
15:53:49.829 [main] DEBUG io.restassured.internal.RequestSpecificationImpl$RestAssuredHttpBuilder - Parsing response as: application/json;charset=UTF-8
15:53:49.829 [main] DEBUG io.restassured.internal.RequestSpecificationImpl$RestAssuredHttpBuilder - Parsed data to instance of: class org.apache.http.conn.EofSensorInputStream
16:04:54.249 [main] DEBUG org.apache.http.impl.conn.BasicClientConnectionManager - Get connection for route {s}->https://reqres.in:443
16:04:54.312 [main] DEBUG org.apache.http.impl.conn.DefaultClientConnectionOperator - Connecting to reqres.in:443
16:04:54.734 [main] DEBUG org.apache.http.client.protocol.RequestAddCookies - CookieSpec selected: ignoreCookies
16:04:54.734 [main] DEBUG org.apache.http.client.protocol.RequestAuthCache - Auth cache not set in the context
16:04:54.734 [main] DEBUG org.apache.http.client.protocol.RequestTargetAuthentication - Target auth state: UNCHALLENGED
16:04:54.734 [main] DEBUG org.apache.http.client.protocol.RequestProxyAuthentication - Proxy auth state: UNCHALLENGED
16:04:54.734 [main] DEBUG org.apache.http.impl.client.DefaultHttpClient - Attempt 1 to execute request
16:04:54.734 [main] DEBUG org.apache.http.impl.conn.DefaultClientConnection - Sending request: PUT /api/users/3 HTTP/1.1
16:04:54.734 [main] DEBUG org.apache.http.wire -  >> "PUT /api/users/3 HTTP/1.1[\r][\n]"
16:04:54.734 [main] DEBUG org.apache.http.wire -  >> "Accept: application/json, application/javascript, text/javascript, text/json[\r][\n]"
16:04:54.734 [main] DEBUG org.apache.http.wire -  >> "Content-Type: text/plain; charset=ISO-8859-1[\r][\n]"
16:04:54.734 [main] DEBUG org.apache.http.wire -  >> "Content-Length: 32[\r][\n]"
16:04:54.734 [main] DEBUG org.apache.http.wire -  >> "Host: reqres.in[\r][\n]"
16:04:54.734 [main] DEBUG org.apache.http.wire -  >> "Connection: Keep-Alive[\r][\n]"
16:04:54.734 [main] DEBUG org.apache.http.wire -  >> "User-Agent: Apache-HttpClient/4.5.6 (Java/11.0.8)[\r][\n]"
16:04:54.734 [main] DEBUG org.apache.http.wire -  >> "Accept-Encoding: gzip,deflate[\r][\n]"
16:04:54.734 [main] DEBUG org.apache.http.wire -  >> "[\r][\n]"
16:04:54.734 [main] DEBUG org.apache.http.headers - >> PUT /api/users/3 HTTP/1.1
16:04:54.750 [main] DEBUG org.apache.http.headers - >> Accept: application/json, application/javascript, text/javascript, text/json
16:04:54.750 [main] DEBUG org.apache.http.headers - >> Content-Type: text/plain; charset=ISO-8859-1
16:04:54.750 [main] DEBUG org.apache.http.headers - >> Content-Length: 32
16:04:54.750 [main] DEBUG org.apache.http.headers - >> Host: reqres.in
16:04:54.750 [main] DEBUG org.apache.http.headers - >> Connection: Keep-Alive
16:04:54.750 [main] DEBUG org.apache.http.headers - >> User-Agent: Apache-HttpClient/4.5.6 (Java/11.0.8)
16:04:54.750 [main] DEBUG org.apache.http.headers - >> Accept-Encoding: gzip,deflate
16:04:54.750 [main] DEBUG org.apache.http.wire -  >> "{"name":"Anar","job":"Engineer"}"
16:04:55.078 [main] DEBUG org.apache.http.wire -  << "HTTP/1.1 200 OK[\r][\n]"
16:04:55.078 [main] DEBUG org.apache.http.wire -  << "Date: Mon, 26 Oct 2020 23:04:55 GMT[\r][\n]"
16:04:55.078 [main] DEBUG org.apache.http.wire -  << "Content-Type: application/json; charset=utf-8[\r][\n]"
16:04:55.078 [main] DEBUG org.apache.http.wire -  << "Content-Length: 40[\r][\n]"
16:04:55.078 [main] DEBUG org.apache.http.wire -  << "Connection: keep-alive[\r][\n]"
16:04:55.078 [main] DEBUG org.apache.http.wire -  << "Set-Cookie: __cfduid=d792045b7393a90d04863af2a91c03f311603753495; expires=Wed, 25-Nov-20 23:04:55 GMT; path=/; domain=.reqres.in; HttpOnly; SameSite=Lax; Secure[\r][\n]"
16:04:55.078 [main] DEBUG org.apache.http.wire -  << "X-Powered-By: Express[\r][\n]"
16:04:55.078 [main] DEBUG org.apache.http.wire -  << "Access-Control-Allow-Origin: *[\r][\n]"
16:04:55.078 [main] DEBUG org.apache.http.wire -  << "Etag: W/"28-HFPRclOJ+p6/cZz3fMw3gvoQr6s"[\r][\n]"
16:04:55.078 [main] DEBUG org.apache.http.wire -  << "Via: 1.1 vegur[\r][\n]"
16:04:55.078 [main] DEBUG org.apache.http.wire -  << "CF-Cache-Status: DYNAMIC[\r][\n]"
16:04:55.078 [main] DEBUG org.apache.http.wire -  << "cf-request-id: 0608c16208000002b8a638c000000001[\r][\n]"
16:04:55.078 [main] DEBUG org.apache.http.wire -  << "Expect-CT: max-age=604800, report-uri="https://report-uri.cloudflare.com/cdn-cgi/beacon/expect-ct"[\r][\n]"
16:04:55.093 [main] DEBUG org.apache.http.wire -  << "Report-To: {"endpoints":[{"url":"https:\/\/a.nel.cloudflare.com\/report?s=ARvmG3NDRAqgp5sx69vOyICFxcZ%2BgaJf5vGMPIbeqjqh5DAh1cQyzx8bL%2FkXx4RCgE%2BDnPG5WBxb%2BNLsyqfJxWBB%2Fv6gnm8m0MI%3D"}],"group":"cf-nel","max_age":604800}[\r][\n]"
16:04:55.093 [main] DEBUG org.apache.http.wire -  << "NEL: {"report_to":"cf-nel","max_age":604800}[\r][\n]"
16:04:55.093 [main] DEBUG org.apache.http.wire -  << "Vary: Accept-Encoding[\r][\n]"
16:04:55.093 [main] DEBUG org.apache.http.wire -  << "Server: cloudflare[\r][\n]"
16:04:55.093 [main] DEBUG org.apache.http.wire -  << "CF-RAY: 5e87d1b00fad02b8-SEA[\r][\n]"
16:04:55.093 [main] DEBUG org.apache.http.wire -  << "[\r][\n]"
16:04:55.093 [main] DEBUG org.apache.http.impl.conn.DefaultClientConnection - Receiving response: HTTP/1.1 200 OK
16:04:55.093 [main] DEBUG org.apache.http.headers - << HTTP/1.1 200 OK
16:04:55.093 [main] DEBUG org.apache.http.headers - << Date: Mon, 26 Oct 2020 23:04:55 GMT
16:04:55.093 [main] DEBUG org.apache.http.headers - << Content-Type: application/json; charset=utf-8
16:04:55.093 [main] DEBUG org.apache.http.headers - << Content-Length: 40
16:04:55.093 [main] DEBUG org.apache.http.headers - << Connection: keep-alive
16:04:55.093 [main] DEBUG org.apache.http.headers - << Set-Cookie: __cfduid=d792045b7393a90d04863af2a91c03f311603753495; expires=Wed, 25-Nov-20 23:04:55 GMT; path=/; domain=.reqres.in; HttpOnly; SameSite=Lax; Secure
16:04:55.093 [main] DEBUG org.apache.http.headers - << X-Powered-By: Express
16:04:55.093 [main] DEBUG org.apache.http.headers - << Access-Control-Allow-Origin: *
16:04:55.093 [main] DEBUG org.apache.http.headers - << Etag: W/"28-HFPRclOJ+p6/cZz3fMw3gvoQr6s"
16:04:55.093 [main] DEBUG org.apache.http.headers - << Via: 1.1 vegur
16:04:55.093 [main] DEBUG org.apache.http.headers - << CF-Cache-Status: DYNAMIC
16:04:55.093 [main] DEBUG org.apache.http.headers - << cf-request-id: 0608c16208000002b8a638c000000001
16:04:55.093 [main] DEBUG org.apache.http.headers - << Expect-CT: max-age=604800, report-uri="https://report-uri.cloudflare.com/cdn-cgi/beacon/expect-ct"
16:04:55.093 [main] DEBUG org.apache.http.headers - << Report-To: {"endpoints":[{"url":"https:\/\/a.nel.cloudflare.com\/report?s=ARvmG3NDRAqgp5sx69vOyICFxcZ%2BgaJf5vGMPIbeqjqh5DAh1cQyzx8bL%2FkXx4RCgE%2BDnPG5WBxb%2BNLsyqfJxWBB%2Fv6gnm8m0MI%3D"}],"group":"cf-nel","max_age":604800}
16:04:55.093 [main] DEBUG org.apache.http.headers - << NEL: {"report_to":"cf-nel","max_age":604800}
16:04:55.093 [main] DEBUG org.apache.http.headers - << Vary: Accept-Encoding
16:04:55.093 [main] DEBUG org.apache.http.headers - << Server: cloudflare
16:04:55.093 [main] DEBUG org.apache.http.headers - << CF-RAY: 5e87d1b00fad02b8-SEA
16:04:55.093 [main] DEBUG org.apache.http.impl.client.DefaultHttpClient - Connection can be kept alive indefinitely
16:04:55.125 [main] DEBUG io.restassured.internal.RequestSpecificationImpl$RestAssuredHttpBuilder - Parsing response as: application/json; charset=utf-8
16:04:55.125 [main] DEBUG io.restassured.internal.RequestSpecificationImpl$RestAssuredHttpBuilder - Parsed data to instance of: class org.apache.http.conn.EofSensorInputStream
16:04:55.250 [main] DEBUG org.apache.http.wire -  << "{"updatedAt":"2020-10-26T23:04:55.286Z"}"
16:04:55.250 [main] DEBUG org.apache.http.impl.conn.BasicClientConnectionManager - Releasing connection org.apache.http.impl.conn.ManagedClientConnectionImpl@3292d91a
16:04:55.250 [main] DEBUG org.apache.http.impl.conn.BasicClientConnectionManager - Connection can be kept alive indefinitely
