23:32:29.486 [main] DEBUG org.apache.http.impl.conn.BasicClientConnectionManager - Get connection for route {s}->https://api.github.com:443
23:32:29.549 [main] DEBUG org.apache.http.impl.conn.DefaultClientConnectionOperator - Connecting to api.github.com:443
23:32:30.091 [main] DEBUG org.apache.http.client.protocol.RequestAddCookies - CookieSpec selected: ignoreCookies
23:32:30.093 [main] DEBUG org.apache.http.client.protocol.RequestAuthCache - Auth cache not set in the context
23:32:30.093 [main] DEBUG org.apache.http.client.protocol.RequestTargetAuthentication - Target auth state: UNCHALLENGED
23:32:30.094 [main] DEBUG org.apache.http.client.protocol.RequestProxyAuthentication - Proxy auth state: UNCHALLENGED
23:32:30.097 [main] DEBUG org.apache.http.impl.client.DefaultHttpClient - Attempt 1 to execute request
23:32:30.097 [main] DEBUG org.apache.http.impl.conn.DefaultClientConnection - Sending request: GET /users/ali/repos?sort=pushed&type=member&direction=desc HTTP/1.1
23:32:30.097 [main] DEBUG org.apache.http.wire -  >> "GET /users/ali/repos?sort=pushed&type=member&direction=desc HTTP/1.1[\r][\n]"
23:32:30.101 [main] DEBUG org.apache.http.wire -  >> "Accept: application/json, application/javascript, text/javascript, text/json[\r][\n]"
23:32:30.103 [main] DEBUG org.apache.http.wire -  >> "Host: api.github.com[\r][\n]"
23:32:30.103 [main] DEBUG org.apache.http.wire -  >> "Connection: Keep-Alive[\r][\n]"
23:32:30.103 [main] DEBUG org.apache.http.wire -  >> "User-Agent: Apache-HttpClient/4.5.6 (Java/11.0.8)[\r][\n]"
23:32:30.103 [main] DEBUG org.apache.http.wire -  >> "Accept-Encoding: gzip,deflate[\r][\n]"
23:32:30.103 [main] DEBUG org.apache.http.wire -  >> "[\r][\n]"
23:32:30.105 [main] DEBUG org.apache.http.headers - >> GET /users/ali/repos?sort=pushed&type=member&direction=desc HTTP/1.1
23:32:30.105 [main] DEBUG org.apache.http.headers - >> Accept: application/json, application/javascript, text/javascript, text/json
23:32:30.105 [main] DEBUG org.apache.http.headers - >> Host: api.github.com
23:32:30.105 [main] DEBUG org.apache.http.headers - >> Connection: Keep-Alive
23:32:30.105 [main] DEBUG org.apache.http.headers - >> User-Agent: Apache-HttpClient/4.5.6 (Java/11.0.8)
23:32:30.105 [main] DEBUG org.apache.http.headers - >> Accept-Encoding: gzip,deflate
23:32:30.526 [main] DEBUG org.apache.http.wire -  << "HTTP/1.1 200 OK[\r][\n]"
23:32:30.526 [main] DEBUG org.apache.http.wire -  << "server: GitHub.com[\r][\n]"
23:32:30.526 [main] DEBUG org.apache.http.wire -  << "date: Wed, 16 Dec 2020 07:32:29 GMT[\r][\n]"
23:32:30.526 [main] DEBUG org.apache.http.wire -  << "content-type: application/json; charset=utf-8[\r][\n]"
23:32:30.526 [main] DEBUG org.apache.http.wire -  << "status: 200 OK[\r][\n]"
23:32:30.526 [main] DEBUG org.apache.http.wire -  << "cache-control: public, max-age=60, s-maxage=60[\r][\n]"
23:32:30.526 [main] DEBUG org.apache.http.wire -  << "vary: Accept, Accept-Encoding, Accept, X-Requested-With[\r][\n]"
23:32:30.526 [main] DEBUG org.apache.http.wire -  << "etag: W/"b94d29ca822dedfc426f851358141137650cfa906cf6162051b240f3e8962bb1"[\r][\n]"
23:32:30.526 [main] DEBUG org.apache.http.wire -  << "x-github-media-type: github.v3[\r][\n]"
23:32:30.526 [main] DEBUG org.apache.http.wire -  << "access-control-expose-headers: ETag, Link, Location, Retry-After, X-GitHub-OTP, X-RateLimit-Limit, X-RateLimit-Remaining, X-RateLimit-Used, X-RateLimit-Reset, X-OAuth-Scopes, X-Accepted-OAuth-Scopes, X-Poll-Interval, X-GitHub-Media-Type, Deprecation, Sunset[\r][\n]"
23:32:30.526 [main] DEBUG org.apache.http.wire -  << "access-control-allow-origin: *[\r][\n]"
23:32:30.526 [main] DEBUG org.apache.http.wire -  << "strict-transport-security: max-age=31536000; includeSubdomains; preload[\r][\n]"
23:32:30.526 [main] DEBUG org.apache.http.wire -  << "x-frame-options: deny[\r][\n]"
23:32:30.526 [main] DEBUG org.apache.http.wire -  << "x-content-type-options: nosniff[\r][\n]"
23:32:30.526 [main] DEBUG org.apache.http.wire -  << "x-xss-protection: 1; mode=block[\r][\n]"
23:32:30.526 [main] DEBUG org.apache.http.wire -  << "referrer-policy: origin-when-cross-origin, strict-origin-when-cross-origin[\r][\n]"
23:32:30.541 [main] DEBUG org.apache.http.wire -  << "content-security-policy: default-src 'none'[\r][\n]"
23:32:30.541 [main] DEBUG org.apache.http.wire -  << "content-encoding: gzip[\r][\n]"
23:32:30.541 [main] DEBUG org.apache.http.wire -  << "X-Ratelimit-Limit: 60[\r][\n]"
23:32:30.541 [main] DEBUG org.apache.http.wire -  << "X-Ratelimit-Remaining: 59[\r][\n]"
23:32:30.541 [main] DEBUG org.apache.http.wire -  << "X-Ratelimit-Reset: 1608107549[\r][\n]"
23:32:30.541 [main] DEBUG org.apache.http.wire -  << "X-Ratelimit-Used: 1[\r][\n]"
23:32:30.541 [main] DEBUG org.apache.http.wire -  << "Accept-Ranges: bytes[\r][\n]"
23:32:30.541 [main] DEBUG org.apache.http.wire -  << "Transfer-Encoding: chunked[\r][\n]"
23:32:30.541 [main] DEBUG org.apache.http.wire -  << "X-GitHub-Request-Id: 7817:3E90:1A530F:530437:5FD9B80D[\r][\n]"
23:32:30.541 [main] DEBUG org.apache.http.wire -  << "[\r][\n]"
23:32:30.541 [main] DEBUG org.apache.http.impl.conn.DefaultClientConnection - Receiving response: HTTP/1.1 200 OK
23:32:30.541 [main] DEBUG org.apache.http.headers - << HTTP/1.1 200 OK
23:32:30.541 [main] DEBUG org.apache.http.headers - << server: GitHub.com
23:32:30.541 [main] DEBUG org.apache.http.headers - << date: Wed, 16 Dec 2020 07:32:29 GMT
23:32:30.541 [main] DEBUG org.apache.http.headers - << content-type: application/json; charset=utf-8
23:32:30.541 [main] DEBUG org.apache.http.headers - << status: 200 OK
23:32:30.541 [main] DEBUG org.apache.http.headers - << cache-control: public, max-age=60, s-maxage=60
23:32:30.541 [main] DEBUG org.apache.http.headers - << vary: Accept, Accept-Encoding, Accept, X-Requested-With
23:32:30.541 [main] DEBUG org.apache.http.headers - << etag: W/"b94d29ca822dedfc426f851358141137650cfa906cf6162051b240f3e8962bb1"
23:32:30.541 [main] DEBUG org.apache.http.headers - << x-github-media-type: github.v3
23:32:30.541 [main] DEBUG org.apache.http.headers - << access-control-expose-headers: ETag, Link, Location, Retry-After, X-GitHub-OTP, X-RateLimit-Limit, X-RateLimit-Remaining, X-RateLimit-Used, X-RateLimit-Reset, X-OAuth-Scopes, X-Accepted-OAuth-Scopes, X-Poll-Interval, X-GitHub-Media-Type, Deprecation, Sunset
23:32:30.541 [main] DEBUG org.apache.http.headers - << access-control-allow-origin: *
23:32:30.541 [main] DEBUG org.apache.http.headers - << strict-transport-security: max-age=31536000; includeSubdomains; preload
23:32:30.541 [main] DEBUG org.apache.http.headers - << x-frame-options: deny
23:32:30.541 [main] DEBUG org.apache.http.headers - << x-content-type-options: nosniff
23:32:30.541 [main] DEBUG org.apache.http.headers - << x-xss-protection: 1; mode=block
23:32:30.541 [main] DEBUG org.apache.http.headers - << referrer-policy: origin-when-cross-origin, strict-origin-when-cross-origin
23:32:30.541 [main] DEBUG org.apache.http.headers - << content-security-policy: default-src 'none'
23:32:30.541 [main] DEBUG org.apache.http.headers - << content-encoding: gzip
23:32:30.541 [main] DEBUG org.apache.http.headers - << X-Ratelimit-Limit: 60
23:32:30.541 [main] DEBUG org.apache.http.headers - << X-Ratelimit-Remaining: 59
23:32:30.541 [main] DEBUG org.apache.http.headers - << X-Ratelimit-Reset: 1608107549
23:32:30.541 [main] DEBUG org.apache.http.headers - << X-Ratelimit-Used: 1
23:32:30.541 [main] DEBUG org.apache.http.headers - << Accept-Ranges: bytes
23:32:30.541 [main] DEBUG org.apache.http.headers - << Transfer-Encoding: chunked
23:32:30.541 [main] DEBUG org.apache.http.headers - << X-GitHub-Request-Id: 7817:3E90:1A530F:530437:5FD9B80D
23:32:30.557 [main] DEBUG org.apache.http.impl.client.DefaultHttpClient - Connection can be kept alive indefinitely
23:32:30.614 [main] DEBUG io.restassured.internal.RequestSpecificationImpl$RestAssuredHttpBuilder - Parsing response as: application/json; charset=utf-8
23:32:30.615 [main] DEBUG org.apache.http.wire -  << "001602[\r][\n]"
23:32:30.618 [main] DEBUG org.apache.http.wire -  << "[0x1f][0x8b][0x8][0x0][0x0][0x0][0x0][0x0][0x0][0x3][0xed][0x9d]ms[0xa3]H[0x92][0x80][0xff][\n]"
23:32:30.619 [main] DEBUG org.apache.http.wire -  << "[0xe7][0xaf][0xd7][0xb2][0x0][0xbd][0xd8]V[0xc4][0xdc][0xae][0xaf][0xdd];[0xd7][0x13]a{[0xba][0xad][0xd9][0x98][0xd9][0x8d][0xb][0x7]B[0xd8][0xc2][0xc6]B[0x7][0xc8]n[[0xd1][0xff][0xfd][0xb2][0x0]A[0xbd][0x82][0xaa][0xb2]<{[0x17][0xd1][0x11][0xb3][0xb3][0xdd]v[0xe5]C[0xaa]x[0x11]<[0x93][0x95][0xfc]sw[0x14]/[0x8f]f[0x9e];=[0x99]xg[0xfe][0xe9][0x87][0xa3]u[0xba][0x8c]n[0xc9][0xcf][0x8e]./>[0xbd]\'[0xbf]$[0xe1][0xcf]go[0xc1][0xef]_[0x9f][0xc3][0xf5][0xe3][0xb7][0xcb][0x8b]?FW[0xf3]O[0x93][0xcb][0x87][0xfb][0x9f][0x8e]`p[0xf0][0x14][0xc1][0xc8]0X?[0x7]9[0xfc][0xfd]n[0x9b]$[0xb7][0xf5][0xf][0xff]k[0xbb][0xb8][0xd9][0xa4][0xc5][0xb0][0xf9][0xe5]&[0x8b][0x9f][0x83][0x2][0xc6][0xdf][0x5]I[0x1e]}8J_[0xd6]Qv4[0xdb][0x1d]%[0xe9]}[0xbc][0x6]L[0x1d][0x1][0x1c][0xb2][0xfd][0x91]?[0x1d]{g\"
23:32:30.619 [main] DEBUG org.apache.http.wire -  << "B[0xaf][0xd7][0x8f]g[0xaf][0xff][0xf0][0xff][0xb6][\r]~[0xdf][0xac][0x96]?'[0xcf][0x8b][0x87][0xcb][0xd7][0xab][0x87]/[0xdf][0xae][0xbf][0xfc]D[0x12][\n]"
23:32:30.624 [main] DEBUG org.apache.http.wire -  << "`[0xb]Av[0xbb][0xcd][0x12][0xe0][0xad][0x8a]b[0x93][0xcf][0x86][0xc3][0xea][0x87][0xb9]|[0x1f][0x17][0xab][0xed]b[0x9b]GY[0x98][0xae][0x8b]h][0x1c][0x87][0xe9][0xd3]p;[0xac]6[0xf5][0x97][0xe7][0x9f][0xc6][0x80][0xb8][0xcf]jH9[0x9][0xf0][0x3][0xe][0xb6][0x89]kN[0x15][0xc][0xb0]|[0xd8]f[0xbe]*[0x9e][0x12]n[0xf3][0xd5]V[0xcb][0xd1][0xed][0xb8][0xbb]4I[0xd2][0x17][0x88][0xe5]s[0xed][0xc0][0xf][0x9b] 2[0xd5]% ^[0xdf][0xeb][0x3] h7L[0x8b]U[0x4][0x13][0x5][0xe9]'[0x1f]:[0xce][0xb][0xad]T[0xca][0x80][0xdd][0x90][0xfc][0x1f][0x1c]-[0x4][0x91][0xc3][0xc4]g[0xd1]R'[0x9d]:[0x4][0x92]![0x87][0xc2][0xf7][0xdd]0[0x8b]6i[0xc9][0xda].[0xf2]0[0x8b]7E[0x9c][0xae][0xb5][0xd2]b[0x2][0x1][0x94]f[0xf7][0xc1]:~[0xb][0xb4]A[0x10]H[0xe]h[0x92][0x90]V[0x2]e[0x0][0x4]F[0xcf]pxiEV[0x11][0xbb]ay[0x9a][0x84][0xaf]d[0x1a][0xb2]([0x8c][0xe2]g[0x98]S}[0x1a][0x17][\n]"
23:32:30.625 [main] DEBUG org.apache.http.wire -  << "[0xb0][0xe2]uC[0xce][0xd5]kjF[0xc8]L[0xc7]Et[0x1b],[0x9f][0xc8][0x9]X[0x9e][0x97][0xdf]?[0xc0]ys[0xc0]1[0xdc][0x9e][0xd7][0xcb][0xa8][0xd9]W[0xed]I[0xec]|,[0xaf][0x9]N[0x9c];p[0xa0]90&[0xbe]_;[0xf9]k^DO[0xf0][0x93][0xa0]p^"[0x7][0xfe]][0x9f][0x11][0xe][0x1c][0x88]N[0x91]:[0x8b]m[0x9c],[0x9d]t[0x9b]9[0x9b],]n[0xc3]"?[0x86]$[0xef][0xd2][0xec][0xb1][0xb9]lt[0x9e][0x8e][0xe5][0xf4][0xef]O[0xb3]6E[0x2][0xe8][0xd9][0x19][0xb2]H8[0xe1] [0xe][0x12]x[0x8c]^M[0xc2]I[0xd8]n[0x8][0xff][0xae]O[0x91][0x10][0xce][0xd9]`[0x91]fA[0x91][0xf6][0x9d][0xf8][0xd2]t[0x98][0xf8][0xdd][0x90][0xfe]+9\[0x8a](x2I[0xb3][0x8c][0x83][0xf8]U[0x9a][0x1a][0xcd]R[0x19][0x7][0xf1]q[0x9e]o[0xa3][0x83][0x8e]U[0xe9][0xa7]+[0xc3][0xf3][0xe1][0xfe]<Xo[0x9f][0x16][0xd5][0xc5][0xe9][0x90][0xa3]_J[0xac][0x2]![0xb3] '[0x87]_[0x14][0x99][0xcc]N[0x13][0xbb][0x1b][0xee][0xaf][0x96][0x8b],X[0x87]+#[0xda]>t7[0xac][0xfe]T[0xee][0xb7][0xe0][0xde]$1[0x12][0x6][0xd1][0x8b]$][0x98][0x84][0xc3][0xd7][0xd2][0xb0][0x8c][0xdd][\r][0xf3]UP}[0x9][0x14][0xb7][0x86][0xb9][0x10][0x18][0x9]eXYtg[0x9a][0x18][0x9]mXEf[0xb6][0xe7][0xca][0xa4]HlC[0x82]/[0x9c][0x2]v[0xa2]IV[0xfb][0xd0][0xe1][0xae][0x9e][0xad]$X[0xdf]o[0x83]{#X[0x13][0xb][0xfb][0x8f]|[0x9][0xde][0x7]o[0xbd][0xb7][0x2][0xd2]#[0xbc][\r][0x6][0x12][0xb9][0xa9][0xc9][0xe2][0xc5][0xd6][0xf8][0xea][0xd2][0x86][0x93][0xbc][0xaa][0xef]`8[0x7][0x8d][0xa6][0xab][0x8d]nY[0xe5][0xf7]y[0xf7][\r][0x82][0xfc]SR[0xb7][0x3][0xe5][0xe7]|z[0x8a][0xfb][0xbe]\[0xa5][0xa0]:[0x92]9J[0xcd]i[0xe4][0xf8][0xe2][0x89][0xe4][0xef][0xfd][0xdf][0xfc][0xca][0xe4]H[0xe8]n[0xd8]^[0xfa][0xaa]Kj[\r]5[0x98][0xb9][0xfa][0x9a][0xba][0xcf][0x8a]F[0xd7][0xb7][0xc0]&;w[0x1f]:[0xdc][0xfd][0xfb]&(V[0xe4][0xda][0x1][[0xd8][0x4]Yd[0x90]b[0x1d]9[0xdc]-[0x2][0xb8][0xfb]8>>[0xde][0xad][0xa2][0xa0][0xbc][0xa3]|[0x8a]2[0xb3][0xd3][0xab][\n]"
23:32:30.627 [main] DEBUG org.apache.http.wire -  << "[0x4]B[0x90][0x85]+[0xb8][0x81]2[0xc8]j[0xb7][0xf][0x85][[0x80][0xa7][0xa0]([0xef]M[0xef]HRK[0xb8]WM[0xd2]`i2oM,p[0xaa]=c[0x90]Y[0x15]H[0xef][0xc9][\r]<u[0x99][0xa4]S[0xc6][0xd1][0xa0][0xa7]8[0x89][0xf2]"][0x1b]][0xd3][0xda]`[0x1a][0xb9]N[0x8b][0xf8].[0xe][0xf][0xb9][0x1][0x97][0x9e][0x14]L[0xfc][0xee]/y[0xbc][0xe][0xa3][0xf]A[0x92]|[0x80][0xa3][0xad][0x88][0xc3][0x18][0x8e]?x[0x9c]!;[0x6][0xee][0xac]"[0xa3]i[0xa8][0x2]!ix[0x98][0xad][0xee][0xba][0x93][0x8][0xe]E[0x93][0x19][0xcd][0xa2]*t7[0xac][0x9e][0x89][0x96][0xd1]&I_M/[0x8]T49[0xc3][0xb2][0x8][0x9e][0x9e][0x97][0xb7]A[0x1]w[0xd9][0xbe][0xeb][0x9d][0xc]<w[0xe0][0xf9]s[0xdf][0x9f][0x8d][0xdc][0xd9][0xe4][0xec][0x1f]0f[0xbb]Y[0xd2]c|[0x18][0xe0][0xe][0xdc][0xe9][0xdc][0x1b][0xcf][0xdc]q=f[0xb3][0xcd]W[0x14][0xe6]t[0xe0][0x8e][0x6][0xae]7w[0xdd][0x99]6[0x1b][0x8d][0x8][0x6].l[0xf5][0x81][0x9][0x82][0x7]h[0xf1][0x9][0xb6][0xbe][0xb5]&O[0xc2]0>[0xcf]W[0xed][0xf8][0xbf][0xb6][0xa3]g[0xac][0x3][0xa8]G[0x87][0x9][0x1c]a[0xdc][0x81][0xdf][0xbb][0x85]g[0xfe]{C[0x19][0x1][0xf9][0xac][0xd2][0xa7]h[0x3]_[0xcd][0x94][0x3][0xa8],[0xc4]1<[0xfe][0xe7] %[0xc8][0xc3]8[0xc9];~[0x83]1[0x9e][0xeb]3[0xdf][0xc2]a[0xba]][0xc3][0x1c][0xfb]'[0x1f][0x8e]^[0x82][0x2][0xee][0xf3][0xe0][0xb][0x90][0xfa][0xd9][0xfe][0xbb][0x1b][0xe0][0xbf][0x80])[0xb8])[0x9f]S[0xc9]F[0x83][0xfc][0xb6]:7[0x8f]fE[0xb6][0x5][0xc1]A~[0x2][0x8f]1[0xf][0x11]<[0xc6]4[0x8f]/[0xe4][0x87][0xed]u[0x80][0x1a][0xf9][0x12]?[0xc6][0xcc]([0xf2][0x9][0xda][0xb8][0xea][0x11][0xa6][0xce]c[\n]"
23:32:30.629 [main] DEBUG org.apache.http.wire -  << "[0x17][0xc7]8[0xcb][0xd2][0xda]t[0xac][0xe1]Dn.v`-[0xaa][0xcd]/[0xe3]<X$[0x11][0xfc]}/\6[0xd1][0xba]Nq[0xff][0x81]\8o[0xe2]0Z[0xe7]0[0xf][0x15][0xa5]z[0xe4][0x99][0xc1][0x16][0xd2]v[0xf8][0xd1][0xc][0x6][0xee]'[0xa3][0x9a][0x9a]et[0x17]l[0x93][0xe2][0xb6][0xba][0x8d][0x85][0xc9]x[\n]"
23:32:30.631 [main] DEBUG org.apache.http.wire -  << "[0xe0][0xd9].;[0xfa][0xfe][0xa1]RJ[0xa3][0xb1];[0x1a][0x9d]x[0xc0][0xe9]4JoW[0x17][0xe7]o[0x97]o[0xe1][0xb7][0xab][0xfb]R[0xe0][0xd4][0xf2]([0xdb][0xe6][0xc5][0xeb][0xed]"[0xc8]x[0xab][0xf4]+l[0xf4]o[0xdb][0xac][0x8][0x96][0xe9][0x90][0x19][0xd4]k[0x97][0xa8]H[0xd8][0xe][0x91];'[0xee][0xf8]l[0xc4]%[0xf8]e[0xfa][0xf7][0xdf][0xaf][0x92][0xf0]!|[0xb9][0xba]x|[0xab][0x93][0xea][0xb2]J[0x9e][0xd2]*Ux[0x84]Ub3[0xee]~*g[0xc7]j[0xd9]%zJ[0x8d][\r][0x93][0x8][0xc1]X&[0x9a][0x86]2M4[0xc8][0x9e]mb[0xa8][0xb4][0xaa][0x82][0x3]K[0xdb]8[0xd1]0][0xeb]D[0xc7][0x96]_[0x9f][0x90][0xc0]!O[0xcb][0xe4]A6[0x1f][0xd2][0xd1]v[0xec][0x13][0x9b][0xf]#[0xaf] [0xb3][0xda]@[0xfd][0x6][0x1b]//[0xbe][0xba][0xe6][0x89][0xa1][0xd3][0x17][0x8][0xd6]@[0x9d];[0xbf]nAd[0x9d]o[0x97]q[0xea]<[0xc7][0xf9]6H[0xe0]:[0x9f]9/Y\[0x80][0xf4]u[0xe2][0xb5][0xf3][0x15][0xa2]M[0xc4][0x92]2[0x83][0x83][0x5][0x93][0x9c][0xa0]-[0x9a][0x14][0x18][0xb4]pRpm[0x89]'[0x5]^[@)8[0xa6]"J[0x81][0xb3] [0xa4][0x14]d"
23:32:30.632 [main] DEBUG org.apache.http.wire -  << "31[0xa5][0x80]![0x5][0x95][0x82][0x8a][0x11]U[\n]"
23:32:30.634 [main] DEBUG org.apache.http.wire -  << "[0xa4][0xae][0xb0]R`[0xc8]c[0xb7][0xb9][0xb8][0xea][0x80][0x1a][0xb][0xac][0xe][0xa6][0x99][0xc8][0xea][0x0][0x9a][0xb]-[0x5][0x14]'[0xb6][0x14]Ps[0xc1][0xa5][0x0][0xa2]D[0x97][0x82]I[0xfb]2[0xf2][0x85][0xa4]'[0xbc][0x14]P[0x8a][0xd2]2[0xf][0x16]_[0xdd][0xd0][0x12][0x3]T[\r]e[0xa5][0x0][0xf2][0xda][0x8a]<[0xf1][0xe1][0xa9][0xe4][0xcc][0xe4][0xc9]{[0xf5]t[0x88][0xe9][0xe8]H[0x16]-[0xc6][0x14]lK[0x82]LA[0xc7][0x89]2%[0xb4]Tm(a[0xa6]@[0x9b][0x88]3[0x5][0xca][0x8e]@S[0xc0][0xcd]D[0x9a][0x2][0x86][0x10]j[\n]"
23:32:30.634 [main] DEBUG org.apache.http.wire -  << ""R[0xac])[0xa8][0x96][0x4][0x9b][0x82][0xfe][0x1e][0xa2]M[0xb1])[0x8c]pS [0x91][0xe2]MA[0xed][0x16]p[0x93][0x81];[0x1e]x[0xd3]9[0x98]5wo[0xce]$[0x2][0xce][0x1f]x[0x93][0xb9];[0x99][0xf9][0xee][0xcc][0xf5][0x88]][0xe3][0x4][0xdc]t[0xe0][0x9e][0xe][0xbc][0x93][0xb9][0xeb][0x13][0xcc]d[0xda]#[0xe0][0xe4][0xa9][0xf6][0x89][0xb8][0xce][0xa8][0x1e]![0xd7][0x19][0x9b]w[0x89]9y$LA+[0xe8]*[0xe9]T[0x89]8[0xe2]y2[0x13]G[0x1c][\r]o[0xe2][0xc8][0xcf]([0x13]G[0x1e][0xe8][0x8][0xb7][0xc7][0xc1][0xb5]^[0xae]C[0xc1]Q[0xf2]Nm[0xe0]F[0xdd][0x6][0xae]6n[0x87](8[0xf8][0xc8]r[0x5][0x7][0x9b]`[0x14][0x1c][0xc]l[0x15][0x1c][0xf9][0xfc][0xbd][\n]"
23:32:30.635 [main] DEBUG org.apache.http.wire -  << "[0xee]d:[0x1d][0xb9][0xa7]`7{[0x14][0xdc][0xdb][0x1f][0xfe][0xe5][0xdb][0xf9][0xf8][0x92]QpI|[0xbf][0x2]o[0xc9][0x16]u[0xbd][0xa4][0xc9][0xdd]r[0xd8][0xfc][0xaa]W[0xba][0x95][0xe3][0x81]At[0xdb][0xd9][0xc8][0xf5][0xa6]\A[0xd7]^[0xb7]=[0xbe]A[0xb5][0x99]@[0x11][0x97][0xab][0xd4]m[0x15][0x1e][0xa1][0xdb][0xf6][0xb9]v[0x8b][0xb6][0xfd](-[0xc5]VM[0x9b][0xb1]\[0xa3][0xc3]1Z[0xad][0xe2][0xa0][0x84]Z[0x85][0xb0][0xa7][0xd2]j[0x1e]V[0xa2]U[0x18]]}VE[0xe9][0x8b][0xb3]*[0xce][0x8e]2[0xdb][0xe7]`[[0x96]U[0xdc][0xe6]Le[0x14]Yk[0xfa]u[0xaa][0xaa]8[0xe2][0xc1][0xca][0x8b][0x8e][0xd3][0x16]]L0Zo14[R[0x8b][0x81]j[0xab],&[0xda]T`1[0x10][0xb][0xda][0x8a][0xe1][0x99][0xc9]*[0x6][0x81]TT[0xc][0xb]#[0xa6][0xd8]][0xa5]Y?[0xc5][0x4][0xe3]$[0x94][0x80]2VO[0x2][0xc9]L8[0x9][0x18]s[0xcd][0xc4][0xa0]pr[0x89]A[0x99]+%>[0xa3][0xba][0xdc][0xaa][0x14])z[0x15]S[0xc][0x9][0xa7][0x8f][0xd8][0xa4]P[0xd5]R2[0x94][0x81]*[0xe2]>\YceZ)%[0x1c]O[0x18]-$$[0x86][0x96]A[0xc][0xd1][0x92][0x2][0x12][0x8e][\r][0x92][0xa5]Y[0x85][0x14][0xff][0x81][0xd1][0xba][0x87][0x1][0x9a]H[0x1e][0x6]`G[0xed]0H3[0xa1]#[0xd9][0x8d]FuQ[0xc][0x7])o[0xd8][0xa9]n[\n]"
23:32:30.638 [main] DEBUG org.apache.http.wire -  << "[0xaa]P5Q[0xc][0xf3]=D[\r][0xb3][0x1][0x8c][0x9e]a@H)[0xc3][0x1e] m%[0x15][0xb9]ns[0xb5]P[0xa0]b[0xa6][0x3][0xef][0xb4][0xac]s:[0x81]$[0xb5]PP/[0xe5][0xfa][0xa4][0x16][0x8a]x[0x96][0xe9][0xcc][0x9d]HT[0xc]``[0xd4]h[0xee][0x9d][0xcc]<[0xe6][0x95][0xb6][0x86][0x98][0xf1]j[0xc9][0x1][0xfc][0x89][0xad][0x85][0xa2][0x13][0xec][0x13]0[0x92][0xb1]=[0xda]E[0x12][0xd1])[[0xe8][0xf1]J[0xc5][0x2]k[0xbc]d[0x86][0x85][0xaa][0xee][0xa1]+[0x83][0xea][\n]"
23:32:30.639 [main] DEBUG org.apache.http.wire -  << "g([0xee][0xf9][0xf5][0xb5]X[0x95][0xff][0xe9][0xe1][0xcf]3,[0x90]SW[0x8d][0x93][0x86]aQ[0x16]9[0xc1]/[0xd4]EN[0xf0]KA[0xb0][0xac][0xb6]Q[[0xe0][0xe4][0xba]#[0xd7][0x9d][0xf6]-[0x99][0x3][0xb1][0x1][0x5]N[0x17][0xe7][0xfe][0xf5]9][0xe0][0x4]+`[0xc2][0xd5]`[0x11][0x84][0x8f][0x83]hM[0xc][0x9][0xbd]tn[0x13]G[0xc5][0x12][0xd6]-E[0xc9]P[0x18][0xd7][0xab]\[0xda][0xe0][0xda][0xbb][0xc0]>[0x1f][0x9f][0x9d][0x82]M[0xa2]-[0xd0]^[0xbc][0x90][0xa5]|_&[0xd7][0x17][0x97][0xa4][0xf8][0xaa][0xab][0xce]i[0xa4][0x14]/5[0x1f]a^[0x98][0x94][0xbb][0xf5][0xb]3T[0xcb][0xc1]P[0x93]j,b[0x4][0x6][0xc6][0xc6]P0[0x94][0x92][0xa1]8[0xf6][0xbc][0xc][\r][0xc5][0xca][0x19][0x8a][0xa5]kh[0xa8]P}MC[0x5][0xdb]q5L6[0xb6][0x85][\r][0x5][0x17]Nz[0xbe][0xc0][0xe9]&[\r][0xe3] q.[0xa3]e[0x1c]8[0xe7][0xeb] y[0xcd]a[0xa1][0xdd]<M[0x13][0x7][0xb4][0x8c][0xf3][0xf1][0xfc][0xf2][0xc2][0x9][0xd6]Kg[0x11][0xbd][0xa6][0xeb][0xe5][0xbf][0x91][0xcb][0x8b][0xe6][0x12][0xba][0xae]l[0xe]6?J[0x88][0xb6][0x6]R[0x93][0xd0]NH[0x8d][0xb6]%[0x88][0xd4][[0xd0][0xb6]Ej[0x94][0xa9]:R[0x13]-x$5[0xdc]L*[0xa9]yH[0xc3][0xa4][0x6]ct[0x93][0x9a][0xaa][[\n]"
23:32:30.640 [main] DEBUG org.apache.http.wire -  << "[0xa5]&[0xe1]DT7[0xd7][0xd8]Juc[0xcd][0x14]U7[0xd3][0xdc]W[0xa9][0xb9]8y[0xa5][0xe6][0x9a][0x9b],5[0x13]U[0x1f][0xa5][0xc6][0xe2][0x1c][0x97][0x9a][0x8b][0xab][0x92][0xea][0xe5][0x1a][0xd8]/5[0x93]WW[0x9a][0xb5]Rj0[0xb6]\JM[0xde][0x17]][0xd1][0xd6][0xa1][0xbc][0x9c][0x97]E^ [0xa6][0xe][0xa9][0xc6]R[0xe3]-[0x19]3[0xf5][0x6]puS]\|[0xe9][0x94][0x9a]n"[0xd6][0xd4]4;[0x96]M[0xcd]7Snj[0x1e][0xa2][0x8c]J[\r]E[0xca]85[0xd8]R1[0x95]z[0x3][0xef][0xa1][0xe9][0xd4][[0xc3]8;5[0x15])[0xf0][0xd4][0xe0][0xde][0xc2]*o[0xe0][0x9f][0xcd][0xbd][0xe9]l[0xec][0xc2]?2[0x9b]W[0x16]_[0x8d][0xdc][0xb9][0xeb][0xc1][0xfa]=[0xa5][0xcd][0xa3][0x87][0x8c]{l[0x9e]2[0xdb]>[0xb5][0xd7][0x17][0xd8][0xe3][0xf9][0xfa][0xc2];[0xa5][0x9f]2Xm[0x0]][0xf][0x94]U{[0xbb][0xd0],m[0x14]k[0xac]@[0x15]R%V[0xff][0x2][0x5]h[0xaf][0xc8][0x8a]|[0x14][0xe9]:G[0xbe][0xc8][\n]"
23:32:30.641 [main] DEBUG org.apache.http.wire -  << "[0x6]R[0xeb][0x1c]%[\n]"
23:32:30.642 [main] DEBUG org.apache.http.wire -  << "[0x90]_[0xe6][0xe8][0xf9]#[0xd7][0x9f][0x82],[0xec][0xae][0xb1][0xba][0x9c][0x6][0xb][0xf8][0xd9][0xbf][0x14]- '[0xff][0x96][0xf][0x95][0xf4][0x83][0x1f][0xf7][0xba][0xbe][0xe5]C[0xed][0xf8][0xfc][0xa9][0x7]+[0x82][0xb9]J[0xaf][0xbd][0xe3][0x83][0xad][0xce][0xcf][0xbf]][0xbd]}[0xee]s|[0xea][0xe]Y5[0x1f][0xe1][0xf8][0xca]T[0xbb][0xdd]^9D[0xcb][0xe9][0xc1]\[0x19][0xbb][0xbc]&[0x16][0xe3][0xf0][0x0][0x82]rw[0x10]o[0xcf][0xd9][0x11][0x18][0xd6][0xd5][0x1]C[0xd7][0xd1]A[0x88][0xbe][0x9b][0x83] ;N[0xae][0xdc][0xba]m[0x17][0x7][0xd0][0xd2][0xc1][0xc1][0xf1][0xc8][0xaa][0xb7][0x8f]7[0xe3][0x9][0xac][0x94]w[0xe6]/d-a[0xe6][0xc][0xfe][0xc3][0xf9]x[0xf3][0xf7]R[0xba][0xe5][0x95][0x93][0xcb][0xc3][0x18][0xee][0xaf]Iw4[0x3][0xeb]Fm[0xf7]`[0xc9][0xb6][0x8f][0xd1]vjM Z[0xa1]5$[[0xc6][0xac][0x1]j[0xb][0xb2]&[0xd2][0xd4][0x87]5[0x0][0xb][0xfa][0xab]a[0x99]"
23:32:30.643 [main] DEBUG org.apache.http.wire -  << "[0xd9][0xae]&[0x1c])[0xb7][0x1a][0xe][0xc6]e[0xb5][0xbb]D[0xb3]l[0xaa][0x9][0xc4][0x99]*[0x6]c,[0xa6][0x18][0x8a][0x99][0x87]b[0x13]1n/[0xd5]`p[0x96][0xa9][0xc1][0x98]K%:[0x13][0xf3][0xd2][0xa8][0x86][0x82]SFm2[0xa8][0x92]([0x1e]c [0x84][0xa8][0xf][0x84]*[0x85]b[0x8e][0x17][0xde]%[0xe9][0xac][0x8e]c[0x12]B[0x97]@54K2[0x87][0xd9][0xff][0xe6][0xa5]O[0xf4][0x87]D[0x97]=50[0x13]3[0xd3][0x4][0xdb][0x11]1[\r][0xce][0xcc][0xbb]p[0xbb][0xcb][0xa8][0xcc][0xa9]a [0xad]J;[0xad]v[0xca][0x9b][0x1a][0xde]{8[0x93][0x6][0x8e]Q$[\r][0x4]iD[0xda][0x83][0xa0][0xaf][0x9c][0xc9][0x1f][0xf8][0xa3][0xb9][0xf]r[0x3]J[0x91]Js[0xc1][0xad],[0xf3][0x1a][0x1][0x2][0xbd][0x9f]F[0xb3]Q9[0x86][Y&[0x1b][0xd2]Q[0xce][0xb4]O[0xae][0xcf]wp[0xe3]z[0xf4][0x6]O[0xed]Z/[0xb6][0x1f]K[0x9e][0x14][0x9b][0x16]N[0xf4][\n]"
23:32:30.644 [main] DEBUG org.apache.http.wire -  << "[0xb1][0xb3][0xf1]X[0xe6].z[0xcb][0x97]>[0xde][0xdc][0x10][0xe6][0x9f][0xb6]:[0xec][0xff]b[0xed][0x12]/.\4[0xf6]aMY[0x8f][0xb7][0xb8][0xf8][0xc]-[0x9a]>[0x83][0xe9][0xab][3[0xfd][0xe7][0xaf][0xe7]7[0xc1]]D[0x9e]n[0xa8]n[0xdf][0xd0]c[0x5][0xfa]b[0xe][0xdb]_[0xf6][0xba][0x8b]*[0x2]0e[0x3][0xf2]1t '[0x1d][0xb7][0xa4]5J.i;~[0xf9][0x10][0xf6][0xf9][0x8b][0x8e][0x1a][0xa5][0x8a][0x8f][0xf0][0x17]M[0xba][0xdd][0xe][0xa3][0x19][0xa6][0xe5]1[0xea][0xd9]3v[0x19]L<[0xc6]g[0xd4] [0x94][0xd3][0xa8][0x19][0xf6][0xbc][0xc6][0x1e][0x88]u[0x1b]5G[0xd7]o[0xd4]a[0xfa][0x8e][0xa3][0xe][0xb4][0xe3]9[0x9a],l[0xbb][0x8e][0x1a][0xdc][0x9e][0xb9][0x16][0x96][0x8a][0x9][0xcc][0x83]m[0x6][0x1b][0xa9][0xed]4[0xb8]p[0xb4][0xd9][0xe0]x[0xb6][0xfc][0x6][0x87][0xd5][0xb6][0x1c]\[0xbc][0xa9][0xeb][0xe0]0[0x16][0x8c][0x7]G4[0xf3][0x1e][0x1c][0x4]i?8[0x1a][0xc6][0x81][0xf0][0xbb]M[0xd3][0x84]p[0xe1]8[0x1f]"[0x81][0x19][[0x11][0x9][0xcb][0xcc][0x8d]H@[0xe6][0x85]9[0x1c][0xc][0xe7]I8[0x98][0xb9]-[0x11][0xb3]2w&[0x1c][0xb]gN[0xf8][0xc4]P[0xfe]D[0xe]3[0xb0]([0xc2]GD[0xb9][0x14][0xc9][0xf1][0x85]1*[0x92][0xe4][0xd0]^[0x85]cZ[0xb2]+B[0xa6][0xe5][0xeb]k[0xc][0x97][0x97][0x9]0|Q[0xc][0x87]4[0xf1]-[0x1c][0xc2][0x8e]u[0xe1][0xa0]f[0xee]E[0xba]K[0x8d][0xc][0xc]GBz[0x18]~[0xd2][0xed][0xd8][0x18][0x8e][0xfa][0x1e]N[0x86][0xdb][0x4][0xc6][0xcc]p([0xa4][0x9f][0xe1][0xf][0x97]NK[0xe3]A[0xf7][0xed][0x81][0xef][0xce]}[0xd0]/S[0xe8][0xc1]-[0xb3]4[0xd0] [0x8][0x86][0x8d][0xe7]P[0xa3]B[0xd6][0xa6][0x95][0xdd][0xb5]9K3[0x1e][0xb8][0x93][0x81][0xf]-[0x82]<x[0xe5][0x15][0xb4][0xe9][0xee])SaS[0xec]s5[0xd2][0xd1]=[0xc6]F[0x1a][0xd3]Y[0x85][0xc2]F0[0xf6][0xa6]|[0x9][0x17],[0x9b][l[0x82][0x1c][0xac][0xc1][0xf1]:*[0x1b][0x86]W[0x8d][0xb7]O[0xc0][0x93][0x88][0x95](T[0x9f][0x9b]}q[\n]"
23:32:30.645 [main] DEBUG org.apache.http.wire -  << "[0xe9][0x91][0xd3].F{O[0x9b]S5[0xff][0xa9][0x1e]W[0xea]f[0xdb][0xff]j[0x99][0x3][0x1f]^X[0x88][0xc6][0xc9][0x1c]o<[0x9e][0xfa][0xfd][0xcd][0xb6][0xbf]]]|[0xf1][0xc1][0xa3]p[0xcd][0xb6][0x93][0xe0]i[0xb1][0xc]F[0x9c][0xd1]yH[0xf3]U[0x18]d[0xe9]z[0xd8][0xfe][0xbe]W[0xea]4A[0xb5][0xd7][0xf1][0xc7][0xa7][0xbe]:[0x91]{[0x9d][0xcf][0xee][0xf5][0xc5][0xe7][0xd7][0xeb][0x8b][0xdf][0xfa][0xbc][0x8e][0xba][0xc7]v[0xcd]Gx[0x1d]:[0xe3]n[0xb5]C[0x8f][0xd4][0xb2];[0xed]L[0x1a][0xb][0x1e][0x1e][0x81]q<-[0xb][0xa5]yZ[0x8c]=[0xd3]C1[0xb1][0xb2][0xa7]E[0xe9][0xfa][0x9e]6R_[0xf9][0xb4][0xb1]v[0xac][0xf][0x9d][0x8b]m[0xf1][0xd3][0xb2][0xdb][0x13][0x9c][0xad]v[0x99][0xc3][0x9b][0xdb][0xc8][0x2][0xd9]A[0xe]od[0xb]#[0xe7][0xe][0xde]\[0x16]e[0xeb][0xb8]x%[0xd7][\n]"
23:32:30.646 [main] DEBUG org.apache.http.wire -  << "[0xcd][0x15]e[0xb2][0xcd][0x1d][0xac][0x85][0x84]`m3$[0x12][0xd0]rHD[0xda][0xf2]C"Y[[0x11][0x89][0x8]SK$[0x92],[0x88]"[0x11]j[0xe6][0x8a]D[0xe]R[0x17][0x89]@[0x8c]1[0x12]i[0xba]+[0xbf]D[0x2][0xce][0x1b][0xc9]y[0xc6][0xea]H[0x8e]3[0xb3]Gr[0x96][0xb9]@[0x12]y8[0x87]$[0xf2][0xcc]5[0x92][0xc8]jo[0x84][0xe1][0xe2][0xaa][0xdb][0x98]H[0xc4][0xe1]d[0x92][0xc8][0xc3][0xad][0xd8]R[0xf2][0xc][0x94][0x92][0xc8][0xe2][0x1d][0x90][0xe6][\n]"
23:32:30.647 [main] DEBUG org.apache.http.wire -  << "-[0x11][0x88]][0x99]%[0x12][0xad][0xac][0xc8][0x12][0xb1][0x96][0xf4][0x92][0x8][0xc6][0xad][0xc0][0x92][0xf1][0xf0][0x92]I[0xa4][0x9a]x&[0x91]bG5[0x89]\3[0xdb]$r[0x10]+[0xab]D[0x18][0xd2]9[0x89]@K+[0xa9]D[0xf0]{[0x98]'q+[0x18][0xf9]$[0xd2][0x90][0xfe]I[0x4]v[0xaf][0x94][0x1a][0x95]z[0x9]zGC[0xd3][0xa3][0x91][0xfc][0x1d]p[0xa4]P[0x88][0xc][0x9b]C[0xff][0xe9]1[0x14][0x13][0xc9][0x14][0x14][0x8d][0x1]R[0x9f][0x82][0x12][0xb2][0xec][0xb3]P[0xaa][0x80][0x1e][0x11][0xa5][\n]"
23:32:30.648 [main] DEBUG org.apache.http.wire -  << "[0xeb]tQB[0x10][0xa3][0xa3][0x98]v[0xd3][0xa4][0x87][0xb2][0xa8][0x9f]~[0x14][0x13]qo{[0x93]5B[0xe2][0x8b][0x89][0xa0][0xc1][0xd0][0xb4][0xbf][0x98][0x8]^[0xa9]6[0xbe]z[0xa0][0x8b][0x89]@0-[0xf3]$[0xd8]p[0xee])Z=[0xa5]Y[0x16][0xe7][0xf0][0x9a][0xc1][0xe6][0xf7][0xbd][0xee]i[0x1f]T[0xab][0xa7][0xe9]d[0xec][0x9f]([0xcc][0xd3][0x1f][0x1e][0xd4]4[0x8d][0xae][0xbe][0x94][0x1d][0x99][0xba][0xba][0x1e][0xa9][0xdb]MWx[0x84]x[0xa2][0xd2][0xed][0xf6]N[0xd4]@-[0xed][0xd4]L[0xa2][0xb1]u[0xe2][0x8][0x18][0xe9][0xd4][0xa0]P[0xce][0xa9][0xa1][0xd8]SN-[0x12]k[0x9c][0x1a][0x92][0xae]pj[0x2][0xf5]}S[0x13]jG7Q[0x99][0xd8][0xb6]M[\r][0x9a]:[0xa5][0xf9][0xb6]FwIP:[0xe7][0xa5][0x13]l6[0xc7][0xce]e[0xb0][0x8c][0x9c]"uVQ[0xb2]q[0x9e]"[0x7][0xde][0xad][0x9a][0xad][0x9d],[0x88][0x93][0xdc][0xe4][0xe5]m[0xb2][0xc][0xe][0x16]PB[0xb0][0xb6][0x80][0x12][0x9]h[0x1]%"m[0x9]([0x91][0xac]-[0xa0]D[0x84][0xa9][0x80][0x12]I[0x16][0x4][0x94][0x8]5[0x13]P"[0x7])[0xa0]D F@[0x89]4][0x1]%[0x12]p[0x2]J[0xce]3[0x16]Pr[0x9c][0x99][0x80][0x92][0xb3][0xcc][0x5][0x94][0xc8][0xc3][0x9]([0x91]g.[0xa0]D[0x16]J@[0x89]8[0x9c][0x80][0x12]y8[0x1][0xa5][0xe4][0x19][0x8]([0x91][0x85][0x14]P"[0x10]+[0xa0]D[0xa2][0x15][0x1]%b-[0x9]([0x11][0x8c][0x13]P2[0x1e]^@[0x89]T[0x13][0x1]%R[0xec][0x8]([0x91]k&[0xa0]D[0xe]B@[0x89]0[0xa4][0x80][0x12][0x81][0x96][0x4][0x94][0x8]~[0xf][0x1]%n[0x5]#[0xa0]D[0x1a]R@[0x89][0xc0]n[0x1][0x5][0x1d][0xb5][0xab][0x1a](6:"
23:32:30.649 [main] DEBUG org.apache.http.wire -  << "[0x85]W[0x9c][0xc9]j[0xa0][0xce]H[0xab][0x1e][0xd7][0x9b]{[0xa7][0xa4][0x9d][0xcf]H[0xf6][0xe][0xb4]QY[0x3][0x5][0xdd]|&[0xb3][0x89]W{[0xac][0x8e][0x95]jB[0x96]}[0x2]J[0x15][0xd0]#[0xa0]Ta[0x9d][0x2]J[0x8]b[0x4][0xd4][0xbe][0x1e]j[0xff][0x14]t[0xbc][0x8a][0xb2][0xf4]qK[0x9e]w[0xe0][\n]"
23:32:30.649 [main] DEBUG org.apache.http.wire -  << "=[0x84][0xb1]um[0xd4][0x98][0xf4][0x94]1[0xb0]S_[0xb7][0xb][0xf2]_[0xe7][0xad][0xac]u[0xab]{l[0x13][0xd6]F[0xfd]*4{[0xf5]Q[0x1e]t[0xe3][0x91][0xb7][0xe9][0x81]m[0xb0][0xef]B[0x83][0x91]m[0x9f][0x9e]C[0xc][0xd5][0xd4][0xf3]O[0xf8]&[0xd8][0x9f]^[0xae][0x93]_[0x92][0xf0][0xe7][0xb3][0xb7][0xe0][0xf7][0xaf][0xcf][0xe1][0xfa][0xf1][0xed][0xea][0xe1][0xd3][0xeb][0xd5][0xdb][0xfd][0x1b][0xcc]`[0xbd][0xdc]m[0x5]-[0xba][0xb3][0x2]:[0xeb][\n]"
23:32:30.649 [main] DEBUG org.apache.http.wire -  << "[0xaf]B{M[0xe2][0x8][0xbe][0xa5][0x12][0xa8][0x90]b[0x6][0xf5][0x8a][0xaa][0x97]6r[0xef][0xaa][0xa6][0xd3][0xb1][0xd2]U[0xf9]W[0xf]_[0xe]qU[0xea][0xee]=[0xd3][0x12][0x8f]pUl[0xc6][0xdd][0xba][0x8a][0x1d][0xab]e[0xac][0xa8]P[0xf3][0xbe]>"[0x4][0xe3][0xad]h[0x1a]J][0xd1] {[0xf6][0x8a][0xa1]b[0x5][0x16][\r][0xd3]uXt[0xac][0xbe][0xc6][0xa2][0xa3][0xed][0x98],6[0x1f][0xdb]2[0x8b][0xa6]3[0xe7]>k[0xb4]n[0xe2][0xa7]M[0x12]9_[0x89][0xb1][0xaa][0x94][0xd6]M[0xf0][0x1c]9a[\n]"
23:32:30.649 [main] DEBUG org.apache.http.wire -  << "^+_[0xc7][0x9b]MT[0xe4][0xe][0xb4][0xe][\n]"
23:32:30.649 [main] DEBUG org.apache.http.wire -  << "[0xb2]"[0xe][0x93](/[0xfb][0x8][0xdd]m[0x8b]m[0x16]9[0xdb]<2[0x91]\[0xca][0xcc][0xe]6]r[0x82][0xb6][0xee]R`[0xd0][0xce]K[0xc1][0xb5]%[0xbe][0x14]xm[0xfb][0xa5][0xe0][0x98]*0[0x5][0xce][0x82][0x7]S[0x90][0xcd]d[0x98][0x2][0x86]4b[\n]"
23:32:30.649 [main] DEBUG org.apache.http.wire -  << "*F[0x8b])[0x90][0xba]nL[0x81][0xc1][0x9][0xb2][0xe][0xa8][0xb1]%[0xeb]`[0x9a][0xa9][0xb2][0xe][0xa0][0xb9]/S@q[0xd2]L[0x1]57g[\n]"
23:32:30.649 [main] DEBUG org.apache.http.wire -  << " J[0x9f])[0x98]8[0x87][0xa6][0x80][0xe2]DZ7[0xd4][0xc0][0xa6])[0x80]H[0xa5][0xa6][0xa0]b[0xbd][0x9a][0x2]kE[0xae])[0xd8][0x96][0xc][0x9b][0x82][0x8e][0xd3]lJ([0xde][0xb5])[0xd0]&[0xc2]M[0x81][0xb2]c[0xdd][0x14]p3[0xf5][0xa6][0x80]![0xfc][0x9b][0x82][0x88][0x94]p[\n]"
23:32:30.649 [main] DEBUG org.apache.http.wire -  << "[0xaa]%[0x13][0xa7][0xa0][0xbf][0x87][0x8e]Sl[\n]"
23:32:30.649 [main] DEBUG org.apache.http.wire -  << "[0xe3][0xe4][0x14]H[0xa4][0x98]SP{[0xed][0x1c][0x98]5x[0x9f][0x1d][0x98]7X[0xa4]([0xb5]sD[0xcd][\r][0xfc]S[0xd2]k[\n]"
23:32:30.649 [main] DEBUG org.apache.http.wire -  << "[0x1a][0x9b][0x8e][0xe5][0xe5]a [0xf0][0xaa]vT[0xfe][0x19][0xac]u[0xec]Y[0xa1](O[0xb5]O[0xd1]uF[0xf5]x[0xba][0xce][0xd8]NY'[0x8f][0x94][0x1a][0xbb][0xf6]9O[0xe5][0xec]F[0x86][0xeb][0x19]m*[0xbb]j[0xfd][0xe2][0x9f]f[0xec][0xc0][0xbc][0x1d]&[0xec][0xa8][0xaa]:[0xe8][0xf6][0xd4][0xbf][0xa2][0xd1]?[0x19][0x9d]M\[0xe8][0xf6][0xd5][0xd9][0x9e][\n]"
23:32:30.649 [main] DEBUG org.apache.http.wire -  << "\[0xdd][0xe5][0xe4]j~[0xee][0xb6][0xbe][0xe][0x16]mfy[0xc4][0xcb][0xba]V[0xca]6[0xbf][0xee][0xd5]t[0xfb][0x98][0xbd][0xa3][0xfb]QOV[0x17][0xe5][0xfd][0xa8]'+69[0xac]i[0xe]6q[0xfd]R[0xc4][0xd2][0xdd][0x83][0xb1][0xc9][0xf2]as[0xa4][0xa1][q7$][0x17][0xd7][0x4][0xea][0x8b][0xb8]&[0xd4][0x8e][0x85][0xa3]2[0xb1][0xad][0xe0]$g[0xb4][0x85][0xc6]U[0x12][0xea][0xc1][0xe2][0x8c][0x8f][0xd5]Vf[0x2][0x0]-[0xcb][0x4][0xa2]-M&[0x80][0xb5][0x5][0x99]@0Uc[0x2][0xc8][0x82][0x14][0x13][0x98]f:L[0xc0] E[0x98][0xc0][0xc3](0[0x1][0xa6]+[0xbf][0x4][0x0]N{Iq[0xc6][0xc2]KJ3S]R[0x94][0xb9][0xe4][0x12]p8[0xbd]%[0xe0][0xcc][0xc5][0x96][0x80]B)-[0x81][0x86][0x93]Y[0x2][0xe][0xa7][0xb1]T8[0x3][0x81]%[0xa0][0x90][0xea]J[0xe0]a[0xa5][0x95][0x0][0xb4][0xa2][0xab][0x4][0xaa]%Q%pq[0x8a]J[0x82][0xc3][0xcb])[0x1]j[0xa2][0xa5][0x4][0x88][0x1d]!%`[0xcd]T[0x94][0x80]AH([0x81][0x85][0xd4]O[0x2][0xcf][0x92]x[0x12][0xb8][0xef][0xa1][0x9c][0x84][0x8d]`d[0x93][0x0]Cj&[0x81][0xd7]-[0x98]`[0xf1][0xa1]7p[0xcf][0xe6][0xee]x6[0x81][0xb7][0xb0][0x95][0xa5]]|[0xa3][0xf2][0xc3][0xca][0xbf]@0y[0xa4][0xfc][0xb]*[0xc4][0xfc][0xd2]A[0x1d]T[0xfe]U=[0xcc][0xf7][0xa9]%[0xfe]C[0xd5][0xe3]{[0xa4][0x92]"[0xaa]S'[0xf1]1[0xac]H[0x82][0xbf]U[0xc5]]c_[0xfa][\n]"
23:32:30.649 [main] DEBUG org.apache.http.wire -  << "[0xb6][0xde][0x95][0x87][0xbf][0xc0]R[0xb5][0x9b]0[0x8b]7[0xa4][0x87][0x96][0x95][\n]"
23:32:30.649 [main] DEBUG org.apache.http.wire -  << "[0xaf]?Y[0x17][0x91]W[0xcf][0x1d][0xe6][0x8b][0xc8]H[0xad][0x2][0xaf][0xf1][0xe9]d|[0xea][0xc2][0x8a][0xce]Na[0x4][0x1d][0xa7]~[0x83][0xff][0x9d][0xfb][0xad]0[0xba][0x8c]B[0x98][0xca]<[0xd8]&dV[0xe9][0x9e][0xe6][0xcd][0xde]d[0x87][0xfc][0x10]G[0x9a]oik[0xe6][0xf1][0x87]8[0xfa]![0x8e][0x8a][0xbc][0xfb][0xdd][0xc3][0x9c]E[0xb3][0xff]n7[0xc5]Y[0xcd]Vn[0xe5]Q[0xf4][0xe8][0xa4][0xdb][0xc2][0x9][0xd6][0xb0][0x18]1[0xfc][0x9f]m[0xc]%YA[0x92]8!,Q[0x4][0xbd][0xec][0xc0][0x95]8[0x86]/n[0xa8][0xee][\n]"
23:32:30.649 [main] DEBUG org.apache.http.wire -  << "[\n]"
23:32:30.649 [main] DEBUG org.apache.http.wire -  << "[0xe7][0xea][0xd3]o[0xe4][0xd2][0xa1][0xd9][0x10]K[0x91][0x88][0xbe]o[0xa2].O[0xe6][0xce][0x89][0x86][0xd8][0xf3]N4[0xd5][0xba]{[0xa2][0xe1][0xe6][0xfe][0x89][0xa6][0xa0][0x1d][0x14][\r][0xb3][0xe9][0xa1]h.[0xd2]E[0xd1]([>[0x8a]fZqR[0xcc][0xae][0xd5]l[0xb3].;[0xaf][0xe0]-[0x9d][0xc5]p[0x91][0xa4][0x8b]|7[0x84][0xf7][0x94]|[0xaf]o0[0x89]^[0xea][0xbe][0x1c][0x95][\n]"
23:32:30.649 [main] DEBUG org.apache.http.wire -  << "[0xbd][0x95][0xfa]t^[0x4][0x89][0xf7]S<[0x11][0xe9][0xa8]x[0x9c][0x5]OE#-[0xb9]*[0x1a]i[0xc1]Wq[0x19][0x9a]7d[0x97][0x1e]:[0x96][0xbc][0x15][0x93]$[0xaa]9[0xbb]4K[0xfa]?7[0xc1][0xd1]];([0xe3][0x83][0xdb][0x96][0xc3][0xe2][0x8f]G[0x9e][0xbb]WQ[0xa8]D[0xd1]M[0xdb][0xa5]3j[0xdb]g[0xd1]Sa[0xc9]i[0xb1]H[0x8b]^[0x8b][0x6][0xa3][0xdc][0x16][\r][0xb2][0xec][0xb7]h4[0xd2]q[0xd1]([0x1b][0x9e][0x8b][0xe6][0xd9]r][0xcc].[0xb1][0xd3][0xea]]z[0xd8][0xbf][0xab][0xf3][0xa2]?[0x84][0x15][0xef]E[0x3]m[0xb9]/[0xe6][0xc0][0xea]l[0x1][0xf][0xcb][0x1f]O`[0x5]d[0xd9][0xbb]}\[0xbf][0x84][0xcf][0xcc][0x8d][0xca][0x2]+XE[0x9][0xa4][0xd3]C[0xfd][0x17][0x95][0xe8][0xc1][0xe]L[0x8c]9[0xd4][0x83][0x89][0x91][0x87][0xb9]0*[0x8e][0xf1]at/.[0x8f]4[0x8f][0x12]W;[0xf6][0xb6][0x82][0xff]\:u[0xf0]ZGf[0xa9]cW[0xe9][0xd4][0xff]/[0x89][0x88][0xa7][0xd4][0xce][0xcb][0x0][0x0]"
23:32:30.649 [main] DEBUG org.apache.http.wire -  << "[\r][\n]"
23:32:30.649 [main] DEBUG org.apache.http.wire -  << "0[\r][\n]"
23:32:30.649 [main] DEBUG org.apache.http.wire -  << "[\r][\n]"
23:32:30.649 [main] DEBUG io.restassured.internal.RequestSpecificationImpl$RestAssuredHttpBuilder - Parsed data to instance of: class org.apache.http.conn.EofSensorInputStream
23:32:30.711 [main] DEBUG org.apache.http.impl.conn.BasicClientConnectionManager - Releasing connection org.apache.http.impl.conn.ManagedClientConnectionImpl@a83495d
23:32:30.711 [main] DEBUG org.apache.http.impl.conn.BasicClientConnectionManager - Connection can be kept alive indefinitely
23:49:48.843 [main] DEBUG org.apache.http.impl.conn.BasicClientConnectionManager - Get connection for route {s}->https://reqres.in:443
23:49:48.921 [main] DEBUG org.apache.http.impl.conn.DefaultClientConnectionOperator - Connecting to reqres.in:443
23:49:49.363 [main] DEBUG org.apache.http.client.protocol.RequestAddCookies - CookieSpec selected: ignoreCookies
23:49:49.379 [main] DEBUG org.apache.http.client.protocol.RequestAuthCache - Auth cache not set in the context
23:49:49.379 [main] DEBUG org.apache.http.client.protocol.RequestTargetAuthentication - Target auth state: UNCHALLENGED
23:49:49.379 [main] DEBUG org.apache.http.client.protocol.RequestProxyAuthentication - Proxy auth state: UNCHALLENGED
23:49:49.379 [main] DEBUG org.apache.http.impl.client.DefaultHttpClient - Attempt 1 to execute request
23:49:49.379 [main] DEBUG org.apache.http.impl.conn.DefaultClientConnection - Sending request: PUT /api/users/3 HTTP/1.1
23:49:49.379 [main] DEBUG org.apache.http.wire -  >> "PUT /api/users/3 HTTP/1.1[\r][\n]"
23:49:49.379 [main] DEBUG org.apache.http.wire -  >> "Accept: application/json, application/javascript, text/javascript, text/json[\r][\n]"
23:49:49.379 [main] DEBUG org.apache.http.wire -  >> "Content-Type: text/plain; charset=ISO-8859-1[\r][\n]"
23:49:49.379 [main] DEBUG org.apache.http.wire -  >> "Content-Length: 32[\r][\n]"
23:49:49.379 [main] DEBUG org.apache.http.wire -  >> "Host: reqres.in[\r][\n]"
23:49:49.379 [main] DEBUG org.apache.http.wire -  >> "Connection: Keep-Alive[\r][\n]"
23:49:49.379 [main] DEBUG org.apache.http.wire -  >> "User-Agent: Apache-HttpClient/4.5.6 (Java/11.0.8)[\r][\n]"
23:49:49.379 [main] DEBUG org.apache.http.wire -  >> "Accept-Encoding: gzip,deflate[\r][\n]"
23:49:49.379 [main] DEBUG org.apache.http.wire -  >> "[\r][\n]"
23:49:49.379 [main] DEBUG org.apache.http.headers - >> PUT /api/users/3 HTTP/1.1
23:49:49.379 [main] DEBUG org.apache.http.headers - >> Accept: application/json, application/javascript, text/javascript, text/json
23:49:49.379 [main] DEBUG org.apache.http.headers - >> Content-Type: text/plain; charset=ISO-8859-1
23:49:49.379 [main] DEBUG org.apache.http.headers - >> Content-Length: 32
23:49:49.379 [main] DEBUG org.apache.http.headers - >> Host: reqres.in
23:49:49.379 [main] DEBUG org.apache.http.headers - >> Connection: Keep-Alive
23:49:49.379 [main] DEBUG org.apache.http.headers - >> User-Agent: Apache-HttpClient/4.5.6 (Java/11.0.8)
23:49:49.379 [main] DEBUG org.apache.http.headers - >> Accept-Encoding: gzip,deflate
23:49:49.379 [main] DEBUG org.apache.http.wire -  >> "{"name":"Anar","job":"Engineer"}"
23:49:49.723 [main] DEBUG org.apache.http.wire -  << "HTTP/1.1 200 OK[\r][\n]"
23:49:49.723 [main] DEBUG org.apache.http.wire -  << "Date: Wed, 16 Dec 2020 07:49:49 GMT[\r][\n]"
23:49:49.723 [main] DEBUG org.apache.http.wire -  << "Content-Type: application/json; charset=utf-8[\r][\n]"
23:49:49.723 [main] DEBUG org.apache.http.wire -  << "Content-Length: 40[\r][\n]"
23:49:49.723 [main] DEBUG org.apache.http.wire -  << "Connection: keep-alive[\r][\n]"
23:49:49.723 [main] DEBUG org.apache.http.wire -  << "Set-Cookie: __cfduid=deb330caa65750b94aa609486d64d59a41608104988; expires=Fri, 15-Jan-21 07:49:48 GMT; path=/; domain=.reqres.in; HttpOnly; SameSite=Lax; Secure[\r][\n]"
23:49:49.723 [main] DEBUG org.apache.http.wire -  << "X-Powered-By: Express[\r][\n]"
23:49:49.723 [main] DEBUG org.apache.http.wire -  << "Access-Control-Allow-Origin: *[\r][\n]"
23:49:49.723 [main] DEBUG org.apache.http.wire -  << "Etag: W/"28-tHGFwqJ8qcJK4c470jlQCegLlm0"[\r][\n]"
23:49:49.723 [main] DEBUG org.apache.http.wire -  << "Via: 1.1 vegur[\r][\n]"
23:49:49.723 [main] DEBUG org.apache.http.wire -  << "CF-Cache-Status: DYNAMIC[\r][\n]"
23:49:49.723 [main] DEBUG org.apache.http.wire -  << "cf-request-id: 070c1fe84b00003a2c15347000000001[\r][\n]"
23:49:49.723 [main] DEBUG org.apache.http.wire -  << "Expect-CT: max-age=604800, report-uri="https://report-uri.cloudflare.com/cdn-cgi/beacon/expect-ct"[\r][\n]"
23:49:49.723 [main] DEBUG org.apache.http.wire -  << "Report-To: {"endpoints":[{"url":"https:\/\/a.nel.cloudflare.com\/report?s=DL7RXGsz2mcvN2nFi9JKXc%2BirlO8mGAwVwI7iDpzVytmm4qfRZSNz%2FWrzvqqnZBYB185SLn79K5K%2Fkc7uiKK4z6ZwzYNdaG6NCc%3D"}],"group":"cf-nel","max_age":604800}[\r][\n]"
23:49:49.723 [main] DEBUG org.apache.http.wire -  << "NEL: {"report_to":"cf-nel","max_age":604800}[\r][\n]"
23:49:49.723 [main] DEBUG org.apache.http.wire -  << "Vary: Accept-Encoding[\r][\n]"
23:49:49.723 [main] DEBUG org.apache.http.wire -  << "Server: cloudflare[\r][\n]"
23:49:49.723 [main] DEBUG org.apache.http.wire -  << "CF-RAY: 6026cf53abc73a2c-SEA[\r][\n]"
23:49:49.723 [main] DEBUG org.apache.http.wire -  << "[\r][\n]"
23:49:49.723 [main] DEBUG org.apache.http.impl.conn.DefaultClientConnection - Receiving response: HTTP/1.1 200 OK
23:49:49.723 [main] DEBUG org.apache.http.headers - << HTTP/1.1 200 OK
23:49:49.723 [main] DEBUG org.apache.http.headers - << Date: Wed, 16 Dec 2020 07:49:49 GMT
23:49:49.723 [main] DEBUG org.apache.http.headers - << Content-Type: application/json; charset=utf-8
23:49:49.723 [main] DEBUG org.apache.http.headers - << Content-Length: 40
23:49:49.723 [main] DEBUG org.apache.http.headers - << Connection: keep-alive
23:49:49.723 [main] DEBUG org.apache.http.headers - << Set-Cookie: __cfduid=deb330caa65750b94aa609486d64d59a41608104988; expires=Fri, 15-Jan-21 07:49:48 GMT; path=/; domain=.reqres.in; HttpOnly; SameSite=Lax; Secure
23:49:49.723 [main] DEBUG org.apache.http.headers - << X-Powered-By: Express
23:49:49.723 [main] DEBUG org.apache.http.headers - << Access-Control-Allow-Origin: *
23:49:49.723 [main] DEBUG org.apache.http.headers - << Etag: W/"28-tHGFwqJ8qcJK4c470jlQCegLlm0"
23:49:49.723 [main] DEBUG org.apache.http.headers - << Via: 1.1 vegur
23:49:49.723 [main] DEBUG org.apache.http.headers - << CF-Cache-Status: DYNAMIC
23:49:49.723 [main] DEBUG org.apache.http.headers - << cf-request-id: 070c1fe84b00003a2c15347000000001
23:49:49.723 [main] DEBUG org.apache.http.headers - << Expect-CT: max-age=604800, report-uri="https://report-uri.cloudflare.com/cdn-cgi/beacon/expect-ct"
23:49:49.723 [main] DEBUG org.apache.http.headers - << Report-To: {"endpoints":[{"url":"https:\/\/a.nel.cloudflare.com\/report?s=DL7RXGsz2mcvN2nFi9JKXc%2BirlO8mGAwVwI7iDpzVytmm4qfRZSNz%2FWrzvqqnZBYB185SLn79K5K%2Fkc7uiKK4z6ZwzYNdaG6NCc%3D"}],"group":"cf-nel","max_age":604800}
23:49:49.739 [main] DEBUG org.apache.http.headers - << NEL: {"report_to":"cf-nel","max_age":604800}
23:49:49.739 [main] DEBUG org.apache.http.headers - << Vary: Accept-Encoding
23:49:49.739 [main] DEBUG org.apache.http.headers - << Server: cloudflare
23:49:49.739 [main] DEBUG org.apache.http.headers - << CF-RAY: 6026cf53abc73a2c-SEA
23:49:49.739 [main] DEBUG org.apache.http.impl.client.DefaultHttpClient - Connection can be kept alive indefinitely
23:49:49.754 [main] DEBUG io.restassured.internal.RequestSpecificationImpl$RestAssuredHttpBuilder - Parsing response as: application/json; charset=utf-8
23:49:49.754 [main] DEBUG io.restassured.internal.RequestSpecificationImpl$RestAssuredHttpBuilder - Parsed data to instance of: class org.apache.http.conn.EofSensorInputStream
23:49:49.864 [main] DEBUG org.apache.http.wire -  << "{"updatedAt":"2020-12-16T07:49:48.977Z"}"
23:49:49.864 [main] DEBUG org.apache.http.impl.conn.BasicClientConnectionManager - Releasing connection org.apache.http.impl.conn.ManagedClientConnectionImpl@543d5863
23:49:49.864 [main] DEBUG org.apache.http.impl.conn.BasicClientConnectionManager - Connection can be kept alive indefinitely
23:51:21.545 [main] DEBUG org.apache.http.impl.conn.BasicClientConnectionManager - Get connection for route {s}->https://reqres.in:443
23:51:21.576 [main] DEBUG org.apache.http.impl.conn.DefaultClientConnectionOperator - Connecting to reqres.in:443
23:51:21.951 [main] DEBUG org.apache.http.client.protocol.RequestAddCookies - CookieSpec selected: ignoreCookies
23:51:21.951 [main] DEBUG org.apache.http.client.protocol.RequestAuthCache - Auth cache not set in the context
23:51:21.951 [main] DEBUG org.apache.http.client.protocol.RequestTargetAuthentication - Target auth state: UNCHALLENGED
23:51:21.951 [main] DEBUG org.apache.http.client.protocol.RequestProxyAuthentication - Proxy auth state: UNCHALLENGED
23:51:21.951 [main] DEBUG org.apache.http.impl.client.DefaultHttpClient - Attempt 1 to execute request
23:51:21.951 [main] DEBUG org.apache.http.impl.conn.DefaultClientConnection - Sending request: PUT /api/users/3 HTTP/1.1
23:51:21.951 [main] DEBUG org.apache.http.wire -  >> "PUT /api/users/3 HTTP/1.1[\r][\n]"
23:51:21.951 [main] DEBUG org.apache.http.wire -  >> "Accept: application/json, application/javascript, text/javascript, text/json[\r][\n]"
23:51:21.951 [main] DEBUG org.apache.http.wire -  >> "Content-Type: text/plain; charset=ISO-8859-1[\r][\n]"
23:51:21.951 [main] DEBUG org.apache.http.wire -  >> "Content-Length: 32[\r][\n]"
23:51:21.967 [main] DEBUG org.apache.http.wire -  >> "Host: reqres.in[\r][\n]"
23:51:21.967 [main] DEBUG org.apache.http.wire -  >> "Connection: Keep-Alive[\r][\n]"
23:51:21.967 [main] DEBUG org.apache.http.wire -  >> "User-Agent: Apache-HttpClient/4.5.6 (Java/11.0.8)[\r][\n]"
23:51:21.967 [main] DEBUG org.apache.http.wire -  >> "Accept-Encoding: gzip,deflate[\r][\n]"
23:51:21.967 [main] DEBUG org.apache.http.wire -  >> "[\r][\n]"
23:51:21.967 [main] DEBUG org.apache.http.headers - >> PUT /api/users/3 HTTP/1.1
23:51:21.967 [main] DEBUG org.apache.http.headers - >> Accept: application/json, application/javascript, text/javascript, text/json
23:51:21.967 [main] DEBUG org.apache.http.headers - >> Content-Type: text/plain; charset=ISO-8859-1
23:51:21.967 [main] DEBUG org.apache.http.headers - >> Content-Length: 32
23:51:21.967 [main] DEBUG org.apache.http.headers - >> Host: reqres.in
23:51:21.967 [main] DEBUG org.apache.http.headers - >> Connection: Keep-Alive
23:51:21.967 [main] DEBUG org.apache.http.headers - >> User-Agent: Apache-HttpClient/4.5.6 (Java/11.0.8)
23:51:21.967 [main] DEBUG org.apache.http.headers - >> Accept-Encoding: gzip,deflate
23:51:21.967 [main] DEBUG org.apache.http.wire -  >> "{"name":"Anar","job":"Engineer"}"
23:51:22.342 [main] DEBUG org.apache.http.wire -  << "HTTP/1.1 200 OK[\r][\n]"
23:51:22.342 [main] DEBUG org.apache.http.wire -  << "Date: Wed, 16 Dec 2020 07:51:21 GMT[\r][\n]"
23:51:22.342 [main] DEBUG org.apache.http.wire -  << "Content-Type: application/json; charset=utf-8[\r][\n]"
23:51:22.342 [main] DEBUG org.apache.http.wire -  << "Content-Length: 40[\r][\n]"
23:51:22.342 [main] DEBUG org.apache.http.wire -  << "Connection: keep-alive[\r][\n]"
23:51:22.342 [main] DEBUG org.apache.http.wire -  << "Set-Cookie: __cfduid=dd08e1d6e20088e68714bd2983157dbb61608105081; expires=Fri, 15-Jan-21 07:51:21 GMT; path=/; domain=.reqres.in; HttpOnly; SameSite=Lax; Secure[\r][\n]"
23:51:22.342 [main] DEBUG org.apache.http.wire -  << "X-Powered-By: Express[\r][\n]"
23:51:22.342 [main] DEBUG org.apache.http.wire -  << "Access-Control-Allow-Origin: *[\r][\n]"
23:51:22.342 [main] DEBUG org.apache.http.wire -  << "Etag: W/"28-kOHbaiu+txN3nQEPX/Nwqi6eI4I"[\r][\n]"
23:51:22.342 [main] DEBUG org.apache.http.wire -  << "Via: 1.1 vegur[\r][\n]"
23:51:22.342 [main] DEBUG org.apache.http.wire -  << "CF-Cache-Status: DYNAMIC[\r][\n]"
23:51:22.342 [main] DEBUG org.apache.http.wire -  << "cf-request-id: 070c2151e90000139a5e2f8000000001[\r][\n]"
23:51:22.342 [main] DEBUG org.apache.http.wire -  << "Expect-CT: max-age=604800, report-uri="https://report-uri.cloudflare.com/cdn-cgi/beacon/expect-ct"[\r][\n]"
23:51:22.342 [main] DEBUG org.apache.http.wire -  << "Report-To: {"endpoints":[{"url":"https:\/\/a.nel.cloudflare.com\/report?s=3CtQbJNGQPtqwoyrIYpntxG2jO%2Fu83LiogTU05LM%2B%2FmDsmJEtWaJswNt52RQ0taubmfYWINJTUYSGaiVAOjo1OFOI3JBEx4zq6k%3D"}],"group":"cf-nel","max_age":604800}[\r][\n]"
23:51:22.342 [main] DEBUG org.apache.http.wire -  << "NEL: {"report_to":"cf-nel","max_age":604800}[\r][\n]"
23:51:22.342 [main] DEBUG org.apache.http.wire -  << "Vary: Accept-Encoding[\r][\n]"
23:51:22.342 [main] DEBUG org.apache.http.wire -  << "Server: cloudflare[\r][\n]"
23:51:22.342 [main] DEBUG org.apache.http.wire -  << "CF-RAY: 6026d1964d05139a-SEA[\r][\n]"
23:51:22.342 [main] DEBUG org.apache.http.wire -  << "[\r][\n]"
23:51:22.342 [main] DEBUG org.apache.http.impl.conn.DefaultClientConnection - Receiving response: HTTP/1.1 200 OK
23:51:22.342 [main] DEBUG org.apache.http.headers - << HTTP/1.1 200 OK
23:51:22.342 [main] DEBUG org.apache.http.headers - << Date: Wed, 16 Dec 2020 07:51:21 GMT
23:51:22.342 [main] DEBUG org.apache.http.headers - << Content-Type: application/json; charset=utf-8
23:51:22.342 [main] DEBUG org.apache.http.headers - << Content-Length: 40
23:51:22.342 [main] DEBUG org.apache.http.headers - << Connection: keep-alive
23:51:22.358 [main] DEBUG org.apache.http.headers - << Set-Cookie: __cfduid=dd08e1d6e20088e68714bd2983157dbb61608105081; expires=Fri, 15-Jan-21 07:51:21 GMT; path=/; domain=.reqres.in; HttpOnly; SameSite=Lax; Secure
23:51:22.358 [main] DEBUG org.apache.http.headers - << X-Powered-By: Express
23:51:22.358 [main] DEBUG org.apache.http.headers - << Access-Control-Allow-Origin: *
23:51:22.358 [main] DEBUG org.apache.http.headers - << Etag: W/"28-kOHbaiu+txN3nQEPX/Nwqi6eI4I"
23:51:22.358 [main] DEBUG org.apache.http.headers - << Via: 1.1 vegur
23:51:22.358 [main] DEBUG org.apache.http.headers - << CF-Cache-Status: DYNAMIC
23:51:22.358 [main] DEBUG org.apache.http.headers - << cf-request-id: 070c2151e90000139a5e2f8000000001
23:51:22.358 [main] DEBUG org.apache.http.headers - << Expect-CT: max-age=604800, report-uri="https://report-uri.cloudflare.com/cdn-cgi/beacon/expect-ct"
23:51:22.358 [main] DEBUG org.apache.http.headers - << Report-To: {"endpoints":[{"url":"https:\/\/a.nel.cloudflare.com\/report?s=3CtQbJNGQPtqwoyrIYpntxG2jO%2Fu83LiogTU05LM%2B%2FmDsmJEtWaJswNt52RQ0taubmfYWINJTUYSGaiVAOjo1OFOI3JBEx4zq6k%3D"}],"group":"cf-nel","max_age":604800}
23:51:22.358 [main] DEBUG org.apache.http.headers - << NEL: {"report_to":"cf-nel","max_age":604800}
23:51:22.358 [main] DEBUG org.apache.http.headers - << Vary: Accept-Encoding
23:51:22.358 [main] DEBUG org.apache.http.headers - << Server: cloudflare
23:51:22.358 [main] DEBUG org.apache.http.headers - << CF-RAY: 6026d1964d05139a-SEA
23:51:22.358 [main] DEBUG org.apache.http.impl.client.DefaultHttpClient - Connection can be kept alive indefinitely
23:51:22.389 [main] DEBUG io.restassured.internal.RequestSpecificationImpl$RestAssuredHttpBuilder - Parsing response as: application/json; charset=utf-8
23:51:22.389 [main] DEBUG io.restassured.internal.RequestSpecificationImpl$RestAssuredHttpBuilder - Parsed data to instance of: class org.apache.http.conn.EofSensorInputStream
23:51:22.483 [main] DEBUG org.apache.http.wire -  << "{"updatedAt":"2020-12-16T07:51:21.599Z"}"
23:51:22.483 [main] DEBUG org.apache.http.impl.conn.BasicClientConnectionManager - Releasing connection org.apache.http.impl.conn.ManagedClientConnectionImpl@40c06358
23:51:22.483 [main] DEBUG org.apache.http.impl.conn.BasicClientConnectionManager - Connection can be kept alive indefinitely
23:52:13.644 [main] DEBUG org.apache.http.impl.conn.BasicClientConnectionManager - Get connection for route {s}->https://reqres.in:443
23:52:13.675 [main] DEBUG org.apache.http.impl.conn.DefaultClientConnectionOperator - Connecting to reqres.in:443
23:52:14.019 [main] DEBUG org.apache.http.client.protocol.RequestAddCookies - CookieSpec selected: ignoreCookies
23:52:14.019 [main] DEBUG org.apache.http.client.protocol.RequestAuthCache - Auth cache not set in the context
23:52:14.019 [main] DEBUG org.apache.http.client.protocol.RequestTargetAuthentication - Target auth state: UNCHALLENGED
23:52:14.019 [main] DEBUG org.apache.http.client.protocol.RequestProxyAuthentication - Proxy auth state: UNCHALLENGED
23:52:14.019 [main] DEBUG org.apache.http.impl.client.DefaultHttpClient - Attempt 1 to execute request
23:52:14.019 [main] DEBUG org.apache.http.impl.conn.DefaultClientConnection - Sending request: PUT /api/users/3 HTTP/1.1
23:52:14.019 [main] DEBUG org.apache.http.wire -  >> "PUT /api/users/3 HTTP/1.1[\r][\n]"
23:52:14.019 [main] DEBUG org.apache.http.wire -  >> "Accept: application/json, application/javascript, text/javascript, text/json[\r][\n]"
23:52:14.019 [main] DEBUG org.apache.http.wire -  >> "Content-Type: text/plain; charset=ISO-8859-1[\r][\n]"
23:52:14.019 [main] DEBUG org.apache.http.wire -  >> "Content-Length: 32[\r][\n]"
23:52:14.019 [main] DEBUG org.apache.http.wire -  >> "Host: reqres.in[\r][\n]"
23:52:14.019 [main] DEBUG org.apache.http.wire -  >> "Connection: Keep-Alive[\r][\n]"
23:52:14.019 [main] DEBUG org.apache.http.wire -  >> "User-Agent: Apache-HttpClient/4.5.6 (Java/11.0.8)[\r][\n]"
23:52:14.019 [main] DEBUG org.apache.http.wire -  >> "Accept-Encoding: gzip,deflate[\r][\n]"
23:52:14.019 [main] DEBUG org.apache.http.wire -  >> "[\r][\n]"
23:52:14.019 [main] DEBUG org.apache.http.headers - >> PUT /api/users/3 HTTP/1.1
23:52:14.019 [main] DEBUG org.apache.http.headers - >> Accept: application/json, application/javascript, text/javascript, text/json
23:52:14.019 [main] DEBUG org.apache.http.headers - >> Content-Type: text/plain; charset=ISO-8859-1
23:52:14.019 [main] DEBUG org.apache.http.headers - >> Content-Length: 32
23:52:14.019 [main] DEBUG org.apache.http.headers - >> Host: reqres.in
23:52:14.019 [main] DEBUG org.apache.http.headers - >> Connection: Keep-Alive
23:52:14.019 [main] DEBUG org.apache.http.headers - >> User-Agent: Apache-HttpClient/4.5.6 (Java/11.0.8)
23:52:14.019 [main] DEBUG org.apache.http.headers - >> Accept-Encoding: gzip,deflate
23:52:14.019 [main] DEBUG org.apache.http.wire -  >> "{"name":"Anar","job":"Engineer"}"
23:52:14.363 [main] DEBUG org.apache.http.wire -  << "HTTP/1.1 200 OK[\r][\n]"
23:52:14.363 [main] DEBUG org.apache.http.wire -  << "Date: Wed, 16 Dec 2020 07:52:13 GMT[\r][\n]"
23:52:14.363 [main] DEBUG org.apache.http.wire -  << "Content-Type: application/json; charset=utf-8[\r][\n]"
23:52:14.363 [main] DEBUG org.apache.http.wire -  << "Content-Length: 40[\r][\n]"
23:52:14.363 [main] DEBUG org.apache.http.wire -  << "Connection: keep-alive[\r][\n]"
23:52:14.363 [main] DEBUG org.apache.http.wire -  << "Set-Cookie: __cfduid=d94274220a6d615f1af5c24abc142a7451608105133; expires=Fri, 15-Jan-21 07:52:13 GMT; path=/; domain=.reqres.in; HttpOnly; SameSite=Lax; Secure[\r][\n]"
23:52:14.363 [main] DEBUG org.apache.http.wire -  << "x-powered-by: Express[\r][\n]"
23:52:14.363 [main] DEBUG org.apache.http.wire -  << "access-control-allow-origin: *[\r][\n]"
23:52:14.363 [main] DEBUG org.apache.http.wire -  << "etag: W/"28-Ca1fqyvHGqxz6Xx5vCB0+aDKP50"[\r][\n]"
23:52:14.378 [main] DEBUG org.apache.http.wire -  << "via: 1.1 vegur[\r][\n]"
23:52:14.378 [main] DEBUG org.apache.http.wire -  << "CF-Cache-Status: DYNAMIC[\r][\n]"
23:52:14.378 [main] DEBUG org.apache.http.wire -  << "cf-request-id: 070c221d4900003a0217ab8000000001[\r][\n]"
23:52:14.378 [main] DEBUG org.apache.http.wire -  << "Expect-CT: max-age=604800, report-uri="https://report-uri.cloudflare.com/cdn-cgi/beacon/expect-ct"[\r][\n]"
23:52:14.378 [main] DEBUG org.apache.http.wire -  << "Report-To: {"endpoints":[{"url":"https:\/\/a.nel.cloudflare.com\/report?s=ilWqwB4mggrOc6MF27PNeaalhzQT0ctqzLEBTtDU1Kps%2FFd5A8DNZRdzXj03rQNI3ykpGl%2BZNn7UFlVUPSBPVSv1DavVCAN1ahk%3D"}],"group":"cf-nel","max_age":604800}[\r][\n]"
23:52:14.378 [main] DEBUG org.apache.http.wire -  << "NEL: {"report_to":"cf-nel","max_age":604800}[\r][\n]"
23:52:14.378 [main] DEBUG org.apache.http.wire -  << "Vary: Accept-Encoding[\r][\n]"
23:52:14.378 [main] DEBUG org.apache.http.wire -  << "Server: cloudflare[\r][\n]"
23:52:14.378 [main] DEBUG org.apache.http.wire -  << "CF-RAY: 6026d2dbab953a02-SEA[\r][\n]"
23:52:14.378 [main] DEBUG org.apache.http.wire -  << "[\r][\n]"
23:52:14.378 [main] DEBUG org.apache.http.impl.conn.DefaultClientConnection - Receiving response: HTTP/1.1 200 OK
23:52:14.378 [main] DEBUG org.apache.http.headers - << HTTP/1.1 200 OK
23:52:14.378 [main] DEBUG org.apache.http.headers - << Date: Wed, 16 Dec 2020 07:52:13 GMT
23:52:14.378 [main] DEBUG org.apache.http.headers - << Content-Type: application/json; charset=utf-8
23:52:14.378 [main] DEBUG org.apache.http.headers - << Content-Length: 40
23:52:14.378 [main] DEBUG org.apache.http.headers - << Connection: keep-alive
23:52:14.378 [main] DEBUG org.apache.http.headers - << Set-Cookie: __cfduid=d94274220a6d615f1af5c24abc142a7451608105133; expires=Fri, 15-Jan-21 07:52:13 GMT; path=/; domain=.reqres.in; HttpOnly; SameSite=Lax; Secure
23:52:14.378 [main] DEBUG org.apache.http.headers - << x-powered-by: Express
23:52:14.378 [main] DEBUG org.apache.http.headers - << access-control-allow-origin: *
23:52:14.378 [main] DEBUG org.apache.http.headers - << etag: W/"28-Ca1fqyvHGqxz6Xx5vCB0+aDKP50"
23:52:14.378 [main] DEBUG org.apache.http.headers - << via: 1.1 vegur
23:52:14.378 [main] DEBUG org.apache.http.headers - << CF-Cache-Status: DYNAMIC
23:52:14.378 [main] DEBUG org.apache.http.headers - << cf-request-id: 070c221d4900003a0217ab8000000001
23:52:14.378 [main] DEBUG org.apache.http.headers - << Expect-CT: max-age=604800, report-uri="https://report-uri.cloudflare.com/cdn-cgi/beacon/expect-ct"
23:52:14.378 [main] DEBUG org.apache.http.headers - << Report-To: {"endpoints":[{"url":"https:\/\/a.nel.cloudflare.com\/report?s=ilWqwB4mggrOc6MF27PNeaalhzQT0ctqzLEBTtDU1Kps%2FFd5A8DNZRdzXj03rQNI3ykpGl%2BZNn7UFlVUPSBPVSv1DavVCAN1ahk%3D"}],"group":"cf-nel","max_age":604800}
23:52:14.378 [main] DEBUG org.apache.http.headers - << NEL: {"report_to":"cf-nel","max_age":604800}
23:52:14.378 [main] DEBUG org.apache.http.headers - << Vary: Accept-Encoding
23:52:14.378 [main] DEBUG org.apache.http.headers - << Server: cloudflare
23:52:14.378 [main] DEBUG org.apache.http.headers - << CF-RAY: 6026d2dbab953a02-SEA
23:52:14.378 [main] DEBUG org.apache.http.impl.client.DefaultHttpClient - Connection can be kept alive indefinitely
23:52:14.410 [main] DEBUG io.restassured.internal.RequestSpecificationImpl$RestAssuredHttpBuilder - Parsing response as: application/json; charset=utf-8
23:52:14.410 [main] DEBUG io.restassured.internal.RequestSpecificationImpl$RestAssuredHttpBuilder - Parsed data to instance of: class org.apache.http.conn.EofSensorInputStream
23:52:14.519 [main] DEBUG org.apache.http.wire -  << "{"updatedAt":"2020-12-16T07:52:13.623Z"}"
23:52:14.519 [main] DEBUG org.apache.http.impl.conn.BasicClientConnectionManager - Releasing connection org.apache.http.impl.conn.ManagedClientConnectionImpl@40c06358
23:52:14.519 [main] DEBUG org.apache.http.impl.conn.BasicClientConnectionManager - Connection can be kept alive indefinitely
23:52:41.490 [main] DEBUG org.apache.http.impl.conn.BasicClientConnectionManager - Get connection for route {s}->https://reqres.in:443
23:52:41.510 [main] DEBUG org.apache.http.impl.conn.DefaultClientConnectionOperator - Connecting to reqres.in:443
23:52:41.801 [main] DEBUG org.apache.http.client.protocol.RequestAddCookies - CookieSpec selected: ignoreCookies
23:52:41.801 [main] DEBUG org.apache.http.client.protocol.RequestAuthCache - Auth cache not set in the context
23:52:41.801 [main] DEBUG org.apache.http.client.protocol.RequestTargetAuthentication - Target auth state: UNCHALLENGED
23:52:41.801 [main] DEBUG org.apache.http.client.protocol.RequestProxyAuthentication - Proxy auth state: UNCHALLENGED
23:52:41.801 [main] DEBUG org.apache.http.impl.client.DefaultHttpClient - Attempt 1 to execute request
23:52:41.801 [main] DEBUG org.apache.http.impl.conn.DefaultClientConnection - Sending request: PUT /api/users/3 HTTP/1.1
23:52:41.817 [main] DEBUG org.apache.http.wire -  >> "PUT /api/users/3 HTTP/1.1[\r][\n]"
23:52:41.817 [main] DEBUG org.apache.http.wire -  >> "Accept: application/json, application/javascript, text/javascript, text/json[\r][\n]"
23:52:41.817 [main] DEBUG org.apache.http.wire -  >> "Content-Type: text/plain; charset=ISO-8859-1[\r][\n]"
23:52:41.817 [main] DEBUG org.apache.http.wire -  >> "Content-Length: 32[\r][\n]"
23:52:41.817 [main] DEBUG org.apache.http.wire -  >> "Host: reqres.in[\r][\n]"
23:52:41.817 [main] DEBUG org.apache.http.wire -  >> "Connection: Keep-Alive[\r][\n]"
23:52:41.817 [main] DEBUG org.apache.http.wire -  >> "User-Agent: Apache-HttpClient/4.5.6 (Java/11.0.8)[\r][\n]"
23:52:41.817 [main] DEBUG org.apache.http.wire -  >> "Accept-Encoding: gzip,deflate[\r][\n]"
23:52:41.817 [main] DEBUG org.apache.http.wire -  >> "[\r][\n]"
23:52:41.817 [main] DEBUG org.apache.http.headers - >> PUT /api/users/3 HTTP/1.1
23:52:41.817 [main] DEBUG org.apache.http.headers - >> Accept: application/json, application/javascript, text/javascript, text/json
23:52:41.817 [main] DEBUG org.apache.http.headers - >> Content-Type: text/plain; charset=ISO-8859-1
23:52:41.817 [main] DEBUG org.apache.http.headers - >> Content-Length: 32
23:52:41.817 [main] DEBUG org.apache.http.headers - >> Host: reqres.in
23:52:41.817 [main] DEBUG org.apache.http.headers - >> Connection: Keep-Alive
23:52:41.817 [main] DEBUG org.apache.http.headers - >> User-Agent: Apache-HttpClient/4.5.6 (Java/11.0.8)
23:52:41.817 [main] DEBUG org.apache.http.headers - >> Accept-Encoding: gzip,deflate
23:52:41.817 [main] DEBUG org.apache.http.wire -  >> "{"name":"Anar","job":"Engineer"}"
23:52:42.165 [main] DEBUG org.apache.http.wire -  << "HTTP/1.1 200 OK[\r][\n]"
23:52:42.167 [main] DEBUG org.apache.http.wire -  << "Date: Wed, 16 Dec 2020 07:52:41 GMT[\r][\n]"
23:52:42.167 [main] DEBUG org.apache.http.wire -  << "Content-Type: application/json; charset=utf-8[\r][\n]"
23:52:42.167 [main] DEBUG org.apache.http.wire -  << "Content-Length: 40[\r][\n]"
23:52:42.169 [main] DEBUG org.apache.http.wire -  << "Connection: keep-alive[\r][\n]"
23:52:42.169 [main] DEBUG org.apache.http.wire -  << "Set-Cookie: __cfduid=d2b5b798dec3ba846372f840ec5ef5fbe1608105161; expires=Fri, 15-Jan-21 07:52:41 GMT; path=/; domain=.reqres.in; HttpOnly; SameSite=Lax; Secure[\r][\n]"
23:52:42.169 [main] DEBUG org.apache.http.wire -  << "x-powered-by: Express[\r][\n]"
23:52:42.170 [main] DEBUG org.apache.http.wire -  << "access-control-allow-origin: *[\r][\n]"
23:52:42.170 [main] DEBUG org.apache.http.wire -  << "etag: W/"28-dOzUaCGov2SjlPYgMA/SumPdk7Y"[\r][\n]"
23:52:42.171 [main] DEBUG org.apache.http.wire -  << "via: 1.1 vegur[\r][\n]"
23:52:42.171 [main] DEBUG org.apache.http.wire -  << "CF-Cache-Status: DYNAMIC[\r][\n]"
23:52:42.171 [main] DEBUG org.apache.http.wire -  << "cf-request-id: 070c2289dd000039d2e696d000000001[\r][\n]"
23:52:42.171 [main] DEBUG org.apache.http.wire -  << "Expect-CT: max-age=604800, report-uri="https://report-uri.cloudflare.com/cdn-cgi/beacon/expect-ct"[\r][\n]"
23:52:42.171 [main] DEBUG org.apache.http.wire -  << "Report-To: {"endpoints":[{"url":"https:\/\/a.nel.cloudflare.com\/report?s=Gi3v9%2F8ZqcyMPYHdNDoP44%2BoaZtZcoIN1nAqiT4GU7W9V4NXO9gJEQy2J8Qx4rHVe%2Bw7rKSB%2BgVZ4KaXo9ZCppZ%2BR0W4VqgHeFk%3D"}],"group":"cf-nel","max_age":604800}[\r][\n]"
23:52:42.172 [main] DEBUG org.apache.http.wire -  << "NEL: {"report_to":"cf-nel","max_age":604800}[\r][\n]"
23:52:42.172 [main] DEBUG org.apache.http.wire -  << "Vary: Accept-Encoding[\r][\n]"
23:52:42.173 [main] DEBUG org.apache.http.wire -  << "Server: cloudflare[\r][\n]"
23:52:42.173 [main] DEBUG org.apache.http.wire -  << "CF-RAY: 6026d389685f39d2-SEA[\r][\n]"
23:52:42.174 [main] DEBUG org.apache.http.wire -  << "[\r][\n]"
23:52:42.175 [main] DEBUG org.apache.http.impl.conn.DefaultClientConnection - Receiving response: HTTP/1.1 200 OK
23:52:42.175 [main] DEBUG org.apache.http.headers - << HTTP/1.1 200 OK
23:52:42.175 [main] DEBUG org.apache.http.headers - << Date: Wed, 16 Dec 2020 07:52:41 GMT
23:52:42.175 [main] DEBUG org.apache.http.headers - << Content-Type: application/json; charset=utf-8
23:52:42.175 [main] DEBUG org.apache.http.headers - << Content-Length: 40
23:52:42.177 [main] DEBUG org.apache.http.headers - << Connection: keep-alive
23:52:42.177 [main] DEBUG org.apache.http.headers - << Set-Cookie: __cfduid=d2b5b798dec3ba846372f840ec5ef5fbe1608105161; expires=Fri, 15-Jan-21 07:52:41 GMT; path=/; domain=.reqres.in; HttpOnly; SameSite=Lax; Secure
23:52:42.177 [main] DEBUG org.apache.http.headers - << x-powered-by: Express
23:52:42.177 [main] DEBUG org.apache.http.headers - << access-control-allow-origin: *
23:52:42.177 [main] DEBUG org.apache.http.headers - << etag: W/"28-dOzUaCGov2SjlPYgMA/SumPdk7Y"
23:52:42.178 [main] DEBUG org.apache.http.headers - << via: 1.1 vegur
23:52:42.178 [main] DEBUG org.apache.http.headers - << CF-Cache-Status: DYNAMIC
23:52:42.178 [main] DEBUG org.apache.http.headers - << cf-request-id: 070c2289dd000039d2e696d000000001
23:52:42.178 [main] DEBUG org.apache.http.headers - << Expect-CT: max-age=604800, report-uri="https://report-uri.cloudflare.com/cdn-cgi/beacon/expect-ct"
23:52:42.178 [main] DEBUG org.apache.http.headers - << Report-To: {"endpoints":[{"url":"https:\/\/a.nel.cloudflare.com\/report?s=Gi3v9%2F8ZqcyMPYHdNDoP44%2BoaZtZcoIN1nAqiT4GU7W9V4NXO9gJEQy2J8Qx4rHVe%2Bw7rKSB%2BgVZ4KaXo9ZCppZ%2BR0W4VqgHeFk%3D"}],"group":"cf-nel","max_age":604800}
23:52:42.180 [main] DEBUG org.apache.http.headers - << NEL: {"report_to":"cf-nel","max_age":604800}
23:52:42.180 [main] DEBUG org.apache.http.headers - << Vary: Accept-Encoding
23:52:42.180 [main] DEBUG org.apache.http.headers - << Server: cloudflare
23:52:42.180 [main] DEBUG org.apache.http.headers - << CF-RAY: 6026d389685f39d2-SEA
23:52:42.184 [main] DEBUG org.apache.http.impl.client.DefaultHttpClient - Connection can be kept alive indefinitely
23:52:42.209 [main] DEBUG io.restassured.internal.RequestSpecificationImpl$RestAssuredHttpBuilder - Parsing response as: application/json; charset=utf-8
23:52:42.209 [main] DEBUG io.restassured.internal.RequestSpecificationImpl$RestAssuredHttpBuilder - Parsed data to instance of: class org.apache.http.conn.EofSensorInputStream
23:52:42.314 [main] DEBUG org.apache.http.wire -  << "{"updatedAt":"2020-12-16T07:52:41.421Z"}"
23:52:42.314 [main] DEBUG org.apache.http.impl.conn.BasicClientConnectionManager - Releasing connection org.apache.http.impl.conn.ManagedClientConnectionImpl@40c06358
23:52:42.314 [main] DEBUG org.apache.http.impl.conn.BasicClientConnectionManager - Connection can be kept alive indefinitely
23:54:42.010 [main] DEBUG org.apache.http.impl.conn.BasicClientConnectionManager - Get connection for route {s}->https://reqres.in:443
23:54:42.025 [main] DEBUG org.apache.http.impl.conn.DefaultClientConnectionOperator - Connecting to reqres.in:443
23:54:42.291 [main] DEBUG org.apache.http.client.protocol.RequestAddCookies - CookieSpec selected: ignoreCookies
23:54:42.291 [main] DEBUG org.apache.http.client.protocol.RequestAuthCache - Auth cache not set in the context
23:54:42.291 [main] DEBUG org.apache.http.client.protocol.RequestTargetAuthentication - Target auth state: UNCHALLENGED
23:54:42.291 [main] DEBUG org.apache.http.client.protocol.RequestProxyAuthentication - Proxy auth state: UNCHALLENGED
23:54:42.291 [main] DEBUG org.apache.http.impl.client.DefaultHttpClient - Attempt 1 to execute request
23:54:42.291 [main] DEBUG org.apache.http.impl.conn.DefaultClientConnection - Sending request: PUT /api/users/3 HTTP/1.1
23:54:42.291 [main] DEBUG org.apache.http.wire -  >> "PUT /api/users/3 HTTP/1.1[\r][\n]"
23:54:42.291 [main] DEBUG org.apache.http.wire -  >> "Accept: application/json, application/javascript, text/javascript, text/json[\r][\n]"
23:54:42.291 [main] DEBUG org.apache.http.wire -  >> "Content-Type: text/plain; charset=ISO-8859-1[\r][\n]"
23:54:42.291 [main] DEBUG org.apache.http.wire -  >> "Content-Length: 32[\r][\n]"
23:54:42.291 [main] DEBUG org.apache.http.wire -  >> "Host: reqres.in[\r][\n]"
23:54:42.291 [main] DEBUG org.apache.http.wire -  >> "Connection: Keep-Alive[\r][\n]"
23:54:42.291 [main] DEBUG org.apache.http.wire -  >> "User-Agent: Apache-HttpClient/4.5.6 (Java/11.0.8)[\r][\n]"
23:54:42.291 [main] DEBUG org.apache.http.wire -  >> "Accept-Encoding: gzip,deflate[\r][\n]"
23:54:42.291 [main] DEBUG org.apache.http.wire -  >> "[\r][\n]"
23:54:42.291 [main] DEBUG org.apache.http.headers - >> PUT /api/users/3 HTTP/1.1
23:54:42.291 [main] DEBUG org.apache.http.headers - >> Accept: application/json, application/javascript, text/javascript, text/json
23:54:42.291 [main] DEBUG org.apache.http.headers - >> Content-Type: text/plain; charset=ISO-8859-1
23:54:42.291 [main] DEBUG org.apache.http.headers - >> Content-Length: 32
23:54:42.291 [main] DEBUG org.apache.http.headers - >> Host: reqres.in
23:54:42.291 [main] DEBUG org.apache.http.headers - >> Connection: Keep-Alive
23:54:42.291 [main] DEBUG org.apache.http.headers - >> User-Agent: Apache-HttpClient/4.5.6 (Java/11.0.8)
23:54:42.291 [main] DEBUG org.apache.http.headers - >> Accept-Encoding: gzip,deflate
23:54:42.291 [main] DEBUG org.apache.http.wire -  >> "{"name":"Anar","job":"Engineer"}"
23:54:42.651 [main] DEBUG org.apache.http.wire -  << "HTTP/1.1 200 OK[\r][\n]"
23:54:42.651 [main] DEBUG org.apache.http.wire -  << "Date: Wed, 16 Dec 2020 07:54:41 GMT[\r][\n]"
23:54:42.651 [main] DEBUG org.apache.http.wire -  << "Content-Type: application/json; charset=utf-8[\r][\n]"
23:54:42.666 [main] DEBUG org.apache.http.wire -  << "Content-Length: 40[\r][\n]"
23:54:42.666 [main] DEBUG org.apache.http.wire -  << "Connection: keep-alive[\r][\n]"
23:54:42.666 [main] DEBUG org.apache.http.wire -  << "Set-Cookie: __cfduid=d764be29c1e5bb60360b62d2d1b25d1d71608105281; expires=Fri, 15-Jan-21 07:54:41 GMT; path=/; domain=.reqres.in; HttpOnly; SameSite=Lax; Secure[\r][\n]"
23:54:42.666 [main] DEBUG org.apache.http.wire -  << "X-Powered-By: Express[\r][\n]"
23:54:42.666 [main] DEBUG org.apache.http.wire -  << "Access-Control-Allow-Origin: *[\r][\n]"
23:54:42.666 [main] DEBUG org.apache.http.wire -  << "Etag: W/"28-KxGnzolpV2BX5R8d/5R8qHgAARE"[\r][\n]"
23:54:42.666 [main] DEBUG org.apache.http.wire -  << "Via: 1.1 vegur[\r][\n]"
23:54:42.666 [main] DEBUG org.apache.http.wire -  << "CF-Cache-Status: DYNAMIC[\r][\n]"
23:54:42.666 [main] DEBUG org.apache.http.wire -  << "cf-request-id: 070c24607e00003a2b7c3b6000000001[\r][\n]"
23:54:42.666 [main] DEBUG org.apache.http.wire -  << "Expect-CT: max-age=604800, report-uri="https://report-uri.cloudflare.com/cdn-cgi/beacon/expect-ct"[\r][\n]"
23:54:42.666 [main] DEBUG org.apache.http.wire -  << "Report-To: {"endpoints":[{"url":"https:\/\/a.nel.cloudflare.com\/report?s=2CGy2yuzc1l3MhuGkWMEojrLx30U4dBt51Uo7MtNxI1thVcS6G9mIwTYauDrjAvcQixNMpZgjFFIe6LASbTceqgzHdEcTwnQbhI%3D"}],"group":"cf-nel","max_age":604800}[\r][\n]"
23:54:42.666 [main] DEBUG org.apache.http.wire -  << "NEL: {"report_to":"cf-nel","max_age":604800}[\r][\n]"
23:54:42.666 [main] DEBUG org.apache.http.wire -  << "Vary: Accept-Encoding[\r][\n]"
23:54:42.666 [main] DEBUG org.apache.http.wire -  << "Server: cloudflare[\r][\n]"
23:54:42.666 [main] DEBUG org.apache.http.wire -  << "CF-RAY: 6026d67a6b8e3a2b-SEA[\r][\n]"
23:54:42.666 [main] DEBUG org.apache.http.wire -  << "[\r][\n]"
23:54:42.666 [main] DEBUG org.apache.http.impl.conn.DefaultClientConnection - Receiving response: HTTP/1.1 200 OK
23:54:42.666 [main] DEBUG org.apache.http.headers - << HTTP/1.1 200 OK
23:54:42.666 [main] DEBUG org.apache.http.headers - << Date: Wed, 16 Dec 2020 07:54:41 GMT
23:54:42.666 [main] DEBUG org.apache.http.headers - << Content-Type: application/json; charset=utf-8
23:54:42.666 [main] DEBUG org.apache.http.headers - << Content-Length: 40
23:54:42.666 [main] DEBUG org.apache.http.headers - << Connection: keep-alive
23:54:42.666 [main] DEBUG org.apache.http.headers - << Set-Cookie: __cfduid=d764be29c1e5bb60360b62d2d1b25d1d71608105281; expires=Fri, 15-Jan-21 07:54:41 GMT; path=/; domain=.reqres.in; HttpOnly; SameSite=Lax; Secure
23:54:42.666 [main] DEBUG org.apache.http.headers - << X-Powered-By: Express
23:54:42.666 [main] DEBUG org.apache.http.headers - << Access-Control-Allow-Origin: *
23:54:42.666 [main] DEBUG org.apache.http.headers - << Etag: W/"28-KxGnzolpV2BX5R8d/5R8qHgAARE"
23:54:42.666 [main] DEBUG org.apache.http.headers - << Via: 1.1 vegur
23:54:42.666 [main] DEBUG org.apache.http.headers - << CF-Cache-Status: DYNAMIC
23:54:42.666 [main] DEBUG org.apache.http.headers - << cf-request-id: 070c24607e00003a2b7c3b6000000001
23:54:42.666 [main] DEBUG org.apache.http.headers - << Expect-CT: max-age=604800, report-uri="https://report-uri.cloudflare.com/cdn-cgi/beacon/expect-ct"
23:54:42.666 [main] DEBUG org.apache.http.headers - << Report-To: {"endpoints":[{"url":"https:\/\/a.nel.cloudflare.com\/report?s=2CGy2yuzc1l3MhuGkWMEojrLx30U4dBt51Uo7MtNxI1thVcS6G9mIwTYauDrjAvcQixNMpZgjFFIe6LASbTceqgzHdEcTwnQbhI%3D"}],"group":"cf-nel","max_age":604800}
23:54:42.682 [main] DEBUG org.apache.http.headers - << NEL: {"report_to":"cf-nel","max_age":604800}
23:54:42.682 [main] DEBUG org.apache.http.headers - << Vary: Accept-Encoding
23:54:42.682 [main] DEBUG org.apache.http.headers - << Server: cloudflare
23:54:42.682 [main] DEBUG org.apache.http.headers - << CF-RAY: 6026d67a6b8e3a2b-SEA
23:54:42.682 [main] DEBUG org.apache.http.impl.client.DefaultHttpClient - Connection can be kept alive indefinitely
23:54:42.697 [main] DEBUG io.restassured.internal.RequestSpecificationImpl$RestAssuredHttpBuilder - Parsing response as: application/json; charset=utf-8
23:54:42.697 [main] DEBUG io.restassured.internal.RequestSpecificationImpl$RestAssuredHttpBuilder - Parsed data to instance of: class org.apache.http.conn.EofSensorInputStream
23:54:42.791 [main] DEBUG org.apache.http.wire -  << "{"updatedAt":"2020-12-16T07:54:41.901Z"}"
23:54:42.807 [main] DEBUG org.apache.http.impl.conn.BasicClientConnectionManager - Releasing connection org.apache.http.impl.conn.ManagedClientConnectionImpl@611b35d6
23:54:42.807 [main] DEBUG org.apache.http.impl.conn.BasicClientConnectionManager - Connection can be kept alive indefinitely
23:55:21.110 [main] DEBUG org.apache.http.impl.conn.BasicClientConnectionManager - Get connection for route {s}->https://reqres.in:443
23:55:21.173 [main] DEBUG org.apache.http.impl.conn.DefaultClientConnectionOperator - Connecting to reqres.in:443
23:55:21.438 [main] DEBUG org.apache.http.client.protocol.RequestAddCookies - CookieSpec selected: ignoreCookies
23:55:21.454 [main] DEBUG org.apache.http.client.protocol.RequestAuthCache - Auth cache not set in the context
23:55:21.454 [main] DEBUG org.apache.http.client.protocol.RequestTargetAuthentication - Target auth state: UNCHALLENGED
23:55:21.454 [main] DEBUG org.apache.http.client.protocol.RequestProxyAuthentication - Proxy auth state: UNCHALLENGED
23:55:21.454 [main] DEBUG org.apache.http.impl.client.DefaultHttpClient - Attempt 1 to execute request
23:55:21.454 [main] DEBUG org.apache.http.impl.conn.DefaultClientConnection - Sending request: PUT /api/users/3 HTTP/1.1
23:55:21.454 [main] DEBUG org.apache.http.wire -  >> "PUT /api/users/3 HTTP/1.1[\r][\n]"
23:55:21.454 [main] DEBUG org.apache.http.wire -  >> "Accept: application/json, application/javascript, text/javascript, text/json[\r][\n]"
23:55:21.454 [main] DEBUG org.apache.http.wire -  >> "Content-Type: text/plain; charset=ISO-8859-1[\r][\n]"
23:55:21.454 [main] DEBUG org.apache.http.wire -  >> "Content-Length: 32[\r][\n]"
23:55:21.454 [main] DEBUG org.apache.http.wire -  >> "Host: reqres.in[\r][\n]"
23:55:21.454 [main] DEBUG org.apache.http.wire -  >> "Connection: Keep-Alive[\r][\n]"
23:55:21.454 [main] DEBUG org.apache.http.wire -  >> "User-Agent: Apache-HttpClient/4.5.6 (Java/11.0.8)[\r][\n]"
23:55:21.454 [main] DEBUG org.apache.http.wire -  >> "Accept-Encoding: gzip,deflate[\r][\n]"
23:55:21.454 [main] DEBUG org.apache.http.wire -  >> "[\r][\n]"
23:55:21.454 [main] DEBUG org.apache.http.headers - >> PUT /api/users/3 HTTP/1.1
23:55:21.454 [main] DEBUG org.apache.http.headers - >> Accept: application/json, application/javascript, text/javascript, text/json
23:55:21.454 [main] DEBUG org.apache.http.headers - >> Content-Type: text/plain; charset=ISO-8859-1
23:55:21.454 [main] DEBUG org.apache.http.headers - >> Content-Length: 32
23:55:21.454 [main] DEBUG org.apache.http.headers - >> Host: reqres.in
23:55:21.454 [main] DEBUG org.apache.http.headers - >> Connection: Keep-Alive
23:55:21.454 [main] DEBUG org.apache.http.headers - >> User-Agent: Apache-HttpClient/4.5.6 (Java/11.0.8)
23:55:21.454 [main] DEBUG org.apache.http.headers - >> Accept-Encoding: gzip,deflate
23:55:21.454 [main] DEBUG org.apache.http.wire -  >> "{"name":"Anar","job":"Engineer"}"
23:55:21.799 [main] DEBUG org.apache.http.wire -  << "HTTP/1.1 200 OK[\r][\n]"
23:55:21.799 [main] DEBUG org.apache.http.wire -  << "Date: Wed, 16 Dec 2020 07:55:21 GMT[\r][\n]"
23:55:21.799 [main] DEBUG org.apache.http.wire -  << "Content-Type: application/json; charset=utf-8[\r][\n]"
23:55:21.799 [main] DEBUG org.apache.http.wire -  << "Content-Length: 40[\r][\n]"
23:55:21.813 [main] DEBUG org.apache.http.wire -  << "Connection: keep-alive[\r][\n]"
23:55:21.813 [main] DEBUG org.apache.http.wire -  << "Set-Cookie: __cfduid=d3b0d3f7bd4d49d54138c87878300b1571608105320; expires=Fri, 15-Jan-21 07:55:20 GMT; path=/; domain=.reqres.in; HttpOnly; SameSite=Lax; Secure[\r][\n]"
23:55:21.813 [main] DEBUG org.apache.http.wire -  << "X-Powered-By: Express[\r][\n]"
23:55:21.813 [main] DEBUG org.apache.http.wire -  << "Access-Control-Allow-Origin: *[\r][\n]"
23:55:21.813 [main] DEBUG org.apache.http.wire -  << "Etag: W/"28-zsPUO5zze9LMNq6C6EsSiaTh/OE"[\r][\n]"
23:55:21.813 [main] DEBUG org.apache.http.wire -  << "Via: 1.1 vegur[\r][\n]"
23:55:21.813 [main] DEBUG org.apache.http.wire -  << "CF-Cache-Status: DYNAMIC[\r][\n]"
23:55:21.813 [main] DEBUG org.apache.http.wire -  << "cf-request-id: 070c24f97d000039d18830b000000001[\r][\n]"
23:55:21.813 [main] DEBUG org.apache.http.wire -  << "Expect-CT: max-age=604800, report-uri="https://report-uri.cloudflare.com/cdn-cgi/beacon/expect-ct"[\r][\n]"
23:55:21.813 [main] DEBUG org.apache.http.wire -  << "Report-To: {"endpoints":[{"url":"https:\/\/a.nel.cloudflare.com\/report?s=nTdn9iTiBhv4rdXsz0LvGIL676KnM0HzI0ybbuYEwlx966DHYyt%2BTdGAWifsXzAhWShuLcc3xSVROpmOjgnU971f8L6YI%2BHyYgY%3D"}],"group":"cf-nel","max_age":604800}[\r][\n]"
23:55:21.813 [main] DEBUG org.apache.http.wire -  << "NEL: {"report_to":"cf-nel","max_age":604800}[\r][\n]"
23:55:21.813 [main] DEBUG org.apache.http.wire -  << "Vary: Accept-Encoding[\r][\n]"
23:55:21.813 [main] DEBUG org.apache.http.wire -  << "Server: cloudflare[\r][\n]"
23:55:21.813 [main] DEBUG org.apache.http.wire -  << "CF-RAY: 6026d76f290b39d1-SEA[\r][\n]"
23:55:21.813 [main] DEBUG org.apache.http.wire -  << "[\r][\n]"
23:55:21.813 [main] DEBUG org.apache.http.impl.conn.DefaultClientConnection - Receiving response: HTTP/1.1 200 OK
23:55:21.813 [main] DEBUG org.apache.http.headers - << HTTP/1.1 200 OK
23:55:21.813 [main] DEBUG org.apache.http.headers - << Date: Wed, 16 Dec 2020 07:55:21 GMT
23:55:21.813 [main] DEBUG org.apache.http.headers - << Content-Type: application/json; charset=utf-8
23:55:21.813 [main] DEBUG org.apache.http.headers - << Content-Length: 40
23:55:21.813 [main] DEBUG org.apache.http.headers - << Connection: keep-alive
23:55:21.813 [main] DEBUG org.apache.http.headers - << Set-Cookie: __cfduid=d3b0d3f7bd4d49d54138c87878300b1571608105320; expires=Fri, 15-Jan-21 07:55:20 GMT; path=/; domain=.reqres.in; HttpOnly; SameSite=Lax; Secure
23:55:21.813 [main] DEBUG org.apache.http.headers - << X-Powered-By: Express
23:55:21.813 [main] DEBUG org.apache.http.headers - << Access-Control-Allow-Origin: *
23:55:21.813 [main] DEBUG org.apache.http.headers - << Etag: W/"28-zsPUO5zze9LMNq6C6EsSiaTh/OE"
23:55:21.813 [main] DEBUG org.apache.http.headers - << Via: 1.1 vegur
23:55:21.813 [main] DEBUG org.apache.http.headers - << CF-Cache-Status: DYNAMIC
23:55:21.813 [main] DEBUG org.apache.http.headers - << cf-request-id: 070c24f97d000039d18830b000000001
23:55:21.813 [main] DEBUG org.apache.http.headers - << Expect-CT: max-age=604800, report-uri="https://report-uri.cloudflare.com/cdn-cgi/beacon/expect-ct"
23:55:21.813 [main] DEBUG org.apache.http.headers - << Report-To: {"endpoints":[{"url":"https:\/\/a.nel.cloudflare.com\/report?s=nTdn9iTiBhv4rdXsz0LvGIL676KnM0HzI0ybbuYEwlx966DHYyt%2BTdGAWifsXzAhWShuLcc3xSVROpmOjgnU971f8L6YI%2BHyYgY%3D"}],"group":"cf-nel","max_age":604800}
23:55:21.813 [main] DEBUG org.apache.http.headers - << NEL: {"report_to":"cf-nel","max_age":604800}
23:55:21.813 [main] DEBUG org.apache.http.headers - << Vary: Accept-Encoding
23:55:21.813 [main] DEBUG org.apache.http.headers - << Server: cloudflare
23:55:21.813 [main] DEBUG org.apache.http.headers - << CF-RAY: 6026d76f290b39d1-SEA
23:55:21.813 [main] DEBUG org.apache.http.impl.client.DefaultHttpClient - Connection can be kept alive indefinitely
23:55:21.845 [main] DEBUG io.restassured.internal.RequestSpecificationImpl$RestAssuredHttpBuilder - Parsing response as: application/json; charset=utf-8
23:55:21.845 [main] DEBUG io.restassured.internal.RequestSpecificationImpl$RestAssuredHttpBuilder - Parsed data to instance of: class org.apache.http.conn.EofSensorInputStream
23:55:21.954 [main] DEBUG org.apache.http.wire -  << "{"updatedAt":"2020-12-16T07:55:21.065Z"}"
23:55:21.954 [main] DEBUG org.apache.http.impl.conn.BasicClientConnectionManager - Releasing connection org.apache.http.impl.conn.ManagedClientConnectionImpl@35650279
23:55:21.954 [main] DEBUG org.apache.http.impl.conn.BasicClientConnectionManager - Connection can be kept alive indefinitely
23:56:58.982 [main] DEBUG org.apache.http.impl.conn.BasicClientConnectionManager - Get connection for route {s}->https://reqres.in:443
23:56:59.003 [main] DEBUG org.apache.http.impl.conn.DefaultClientConnectionOperator - Connecting to reqres.in:443
23:56:59.447 [main] DEBUG org.apache.http.client.protocol.RequestAddCookies - CookieSpec selected: ignoreCookies
23:56:59.449 [main] DEBUG org.apache.http.client.protocol.RequestAuthCache - Auth cache not set in the context
23:56:59.449 [main] DEBUG org.apache.http.client.protocol.RequestTargetAuthentication - Target auth state: UNCHALLENGED
23:56:59.449 [main] DEBUG org.apache.http.client.protocol.RequestProxyAuthentication - Proxy auth state: UNCHALLENGED
23:56:59.450 [main] DEBUG org.apache.http.impl.client.DefaultHttpClient - Attempt 1 to execute request
23:56:59.450 [main] DEBUG org.apache.http.impl.conn.DefaultClientConnection - Sending request: PUT /api/users/3 HTTP/1.1
23:56:59.450 [main] DEBUG org.apache.http.wire -  >> "PUT /api/users/3 HTTP/1.1[\r][\n]"
23:56:59.453 [main] DEBUG org.apache.http.wire -  >> "Accept: application/json, application/javascript, text/javascript, text/json[\r][\n]"
23:56:59.453 [main] DEBUG org.apache.http.wire -  >> "Content-Type: text/plain; charset=ISO-8859-1[\r][\n]"
23:56:59.453 [main] DEBUG org.apache.http.wire -  >> "Content-Length: 32[\r][\n]"
23:56:59.454 [main] DEBUG org.apache.http.wire -  >> "Host: reqres.in[\r][\n]"
23:56:59.454 [main] DEBUG org.apache.http.wire -  >> "Connection: Keep-Alive[\r][\n]"
23:56:59.454 [main] DEBUG org.apache.http.wire -  >> "User-Agent: Apache-HttpClient/4.5.6 (Java/11.0.8)[\r][\n]"
23:56:59.454 [main] DEBUG org.apache.http.wire -  >> "Accept-Encoding: gzip,deflate[\r][\n]"
23:56:59.454 [main] DEBUG org.apache.http.wire -  >> "[\r][\n]"
23:56:59.454 [main] DEBUG org.apache.http.headers - >> PUT /api/users/3 HTTP/1.1
23:56:59.455 [main] DEBUG org.apache.http.headers - >> Accept: application/json, application/javascript, text/javascript, text/json
23:56:59.455 [main] DEBUG org.apache.http.headers - >> Content-Type: text/plain; charset=ISO-8859-1
23:56:59.456 [main] DEBUG org.apache.http.headers - >> Content-Length: 32
23:56:59.456 [main] DEBUG org.apache.http.headers - >> Host: reqres.in
23:56:59.456 [main] DEBUG org.apache.http.headers - >> Connection: Keep-Alive
23:56:59.456 [main] DEBUG org.apache.http.headers - >> User-Agent: Apache-HttpClient/4.5.6 (Java/11.0.8)
23:56:59.458 [main] DEBUG org.apache.http.headers - >> Accept-Encoding: gzip,deflate
23:56:59.458 [main] DEBUG org.apache.http.wire -  >> "{"name":"Anar","job":"Engineer"}"
23:56:59.783 [main] DEBUG org.apache.http.wire -  << "HTTP/1.1 200 OK[\r][\n]"
23:56:59.783 [main] DEBUG org.apache.http.wire -  << "Date: Wed, 16 Dec 2020 07:56:59 GMT[\r][\n]"
23:56:59.783 [main] DEBUG org.apache.http.wire -  << "Content-Type: application/json; charset=utf-8[\r][\n]"
23:56:59.783 [main] DEBUG org.apache.http.wire -  << "Content-Length: 40[\r][\n]"
23:56:59.783 [main] DEBUG org.apache.http.wire -  << "Connection: keep-alive[\r][\n]"
23:56:59.783 [main] DEBUG org.apache.http.wire -  << "Set-Cookie: __cfduid=db6f1b9d876af240e33b4e2b39efc73091608105418; expires=Fri, 15-Jan-21 07:56:58 GMT; path=/; domain=.reqres.in; HttpOnly; SameSite=Lax; Secure[\r][\n]"
23:56:59.783 [main] DEBUG org.apache.http.wire -  << "X-Powered-By: Express[\r][\n]"
23:56:59.783 [main] DEBUG org.apache.http.wire -  << "Access-Control-Allow-Origin: *[\r][\n]"
23:56:59.783 [main] DEBUG org.apache.http.wire -  << "Etag: W/"28-5OlTSK/0kZ7U7e56yIvnAqrJLpQ"[\r][\n]"
23:56:59.783 [main] DEBUG org.apache.http.wire -  << "Via: 1.1 vegur[\r][\n]"
23:56:59.783 [main] DEBUG org.apache.http.wire -  << "CF-Cache-Status: DYNAMIC[\r][\n]"
23:56:59.783 [main] DEBUG org.apache.http.wire -  << "cf-request-id: 070c26783e000013a6fe05b000000001[\r][\n]"
23:56:59.783 [main] DEBUG org.apache.http.wire -  << "Expect-CT: max-age=604800, report-uri="https://report-uri.cloudflare.com/cdn-cgi/beacon/expect-ct"[\r][\n]"
23:56:59.783 [main] DEBUG org.apache.http.wire -  << "Report-To: {"endpoints":[{"url":"https:\/\/a.nel.cloudflare.com\/report?s=jctKzDC7oMPOyzdXiYiXacvXdDtHaNw5hYZyIli063qEUK33X5kgNCJWchC3RTmIVSO7tAMFcOEeMFtev88ZzzEqElDqpK4tZs0%3D"}],"group":"cf-nel","max_age":604800}[\r][\n]"
23:56:59.783 [main] DEBUG org.apache.http.wire -  << "NEL: {"report_to":"cf-nel","max_age":604800}[\r][\n]"
23:56:59.783 [main] DEBUG org.apache.http.wire -  << "Vary: Accept-Encoding[\r][\n]"
23:56:59.783 [main] DEBUG org.apache.http.wire -  << "Server: cloudflare[\r][\n]"
23:56:59.783 [main] DEBUG org.apache.http.wire -  << "CF-RAY: 6026d9d39dae13a6-SEA[\r][\n]"
23:56:59.783 [main] DEBUG org.apache.http.wire -  << "[\r][\n]"
23:56:59.783 [main] DEBUG org.apache.http.impl.conn.DefaultClientConnection - Receiving response: HTTP/1.1 200 OK
23:56:59.783 [main] DEBUG org.apache.http.headers - << HTTP/1.1 200 OK
23:56:59.783 [main] DEBUG org.apache.http.headers - << Date: Wed, 16 Dec 2020 07:56:59 GMT
23:56:59.783 [main] DEBUG org.apache.http.headers - << Content-Type: application/json; charset=utf-8
23:56:59.783 [main] DEBUG org.apache.http.headers - << Content-Length: 40
23:56:59.783 [main] DEBUG org.apache.http.headers - << Connection: keep-alive
23:56:59.799 [main] DEBUG org.apache.http.headers - << Set-Cookie: __cfduid=db6f1b9d876af240e33b4e2b39efc73091608105418; expires=Fri, 15-Jan-21 07:56:58 GMT; path=/; domain=.reqres.in; HttpOnly; SameSite=Lax; Secure
23:56:59.799 [main] DEBUG org.apache.http.headers - << X-Powered-By: Express
23:56:59.799 [main] DEBUG org.apache.http.headers - << Access-Control-Allow-Origin: *
23:56:59.799 [main] DEBUG org.apache.http.headers - << Etag: W/"28-5OlTSK/0kZ7U7e56yIvnAqrJLpQ"
23:56:59.799 [main] DEBUG org.apache.http.headers - << Via: 1.1 vegur
23:56:59.799 [main] DEBUG org.apache.http.headers - << CF-Cache-Status: DYNAMIC
23:56:59.799 [main] DEBUG org.apache.http.headers - << cf-request-id: 070c26783e000013a6fe05b000000001
23:56:59.799 [main] DEBUG org.apache.http.headers - << Expect-CT: max-age=604800, report-uri="https://report-uri.cloudflare.com/cdn-cgi/beacon/expect-ct"
23:56:59.799 [main] DEBUG org.apache.http.headers - << Report-To: {"endpoints":[{"url":"https:\/\/a.nel.cloudflare.com\/report?s=jctKzDC7oMPOyzdXiYiXacvXdDtHaNw5hYZyIli063qEUK33X5kgNCJWchC3RTmIVSO7tAMFcOEeMFtev88ZzzEqElDqpK4tZs0%3D"}],"group":"cf-nel","max_age":604800}
23:56:59.799 [main] DEBUG org.apache.http.headers - << NEL: {"report_to":"cf-nel","max_age":604800}
23:56:59.799 [main] DEBUG org.apache.http.headers - << Vary: Accept-Encoding
23:56:59.799 [main] DEBUG org.apache.http.headers - << Server: cloudflare
23:56:59.799 [main] DEBUG org.apache.http.headers - << CF-RAY: 6026d9d39dae13a6-SEA
23:56:59.799 [main] DEBUG org.apache.http.impl.client.DefaultHttpClient - Connection can be kept alive indefinitely
23:56:59.815 [main] DEBUG io.restassured.internal.RequestSpecificationImpl$RestAssuredHttpBuilder - Parsing response as: application/json; charset=utf-8
23:56:59.815 [main] DEBUG io.restassured.internal.RequestSpecificationImpl$RestAssuredHttpBuilder - Parsed data to instance of: class org.apache.http.conn.EofSensorInputStream
23:56:59.930 [main] DEBUG org.apache.http.wire -  << "{"updatedAt":"2020-12-16T07:56:59.046Z"}"
23:56:59.930 [main] DEBUG org.apache.http.impl.conn.BasicClientConnectionManager - Releasing connection org.apache.http.impl.conn.ManagedClientConnectionImpl@2282400e
23:56:59.930 [main] DEBUG org.apache.http.impl.conn.BasicClientConnectionManager - Connection can be kept alive indefinitely
