16:28:59.690 [main] DEBUG org.apache.http.impl.conn.BasicClientConnectionManager - Get connection for route {}->http://216.10.245.166:80
16:28:59.723 [main] DEBUG org.apache.http.impl.conn.DefaultClientConnectionOperator - Connecting to 216.10.245.166:80
16:29:00.093 [main] DEBUG org.apache.http.client.protocol.RequestAddCookies - CookieSpec selected: ignoreCookies
16:29:00.097 [main] DEBUG org.apache.http.client.protocol.RequestAuthCache - Auth cache not set in the context
16:29:00.097 [main] DEBUG org.apache.http.client.protocol.RequestTargetAuthentication - Target auth state: UNCHALLENGED
16:29:00.098 [main] DEBUG org.apache.http.client.protocol.RequestProxyAuthentication - Proxy auth state: UNCHALLENGED
16:29:00.101 [main] DEBUG org.apache.http.impl.client.DefaultHttpClient - Attempt 1 to execute request
16:29:00.101 [main] DEBUG org.apache.http.impl.conn.DefaultClientConnection - Sending request: POST /Library/Addbook.php HTTP/1.1
16:29:00.102 [main] DEBUG org.apache.http.wire -  >> "POST /Library/Addbook.php HTTP/1.1[\r][\n]"
16:29:00.103 [main] DEBUG org.apache.http.wire -  >> "Accept: */*[\r][\n]"
16:29:00.104 [main] DEBUG org.apache.http.wire -  >> "Content-Type: application/json; charset=UTF-8[\r][\n]"
16:29:00.105 [main] DEBUG org.apache.http.wire -  >> "Content-Length: 90[\r][\n]"
16:29:00.105 [main] DEBUG org.apache.http.wire -  >> "Host: 216.10.245.166[\r][\n]"
16:29:00.105 [main] DEBUG org.apache.http.wire -  >> "Connection: Keep-Alive[\r][\n]"
16:29:00.105 [main] DEBUG org.apache.http.wire -  >> "User-Agent: Apache-HttpClient/4.5.6 (Java/1.8.0_191)[\r][\n]"
16:29:00.105 [main] DEBUG org.apache.http.wire -  >> "Accept-Encoding: gzip,deflate[\r][\n]"
16:29:00.105 [main] DEBUG org.apache.http.wire -  >> "[\r][\n]"
16:29:00.107 [main] DEBUG org.apache.http.headers - >> POST /Library/Addbook.php HTTP/1.1
16:29:00.107 [main] DEBUG org.apache.http.headers - >> Accept: */*
16:29:00.107 [main] DEBUG org.apache.http.headers - >> Content-Type: application/json; charset=UTF-8
16:29:00.107 [main] DEBUG org.apache.http.headers - >> Content-Length: 90
16:29:00.107 [main] DEBUG org.apache.http.headers - >> Host: 216.10.245.166
16:29:00.107 [main] DEBUG org.apache.http.headers - >> Connection: Keep-Alive
16:29:00.107 [main] DEBUG org.apache.http.headers - >> User-Agent: Apache-HttpClient/4.5.6 (Java/1.8.0_191)
16:29:00.112 [main] DEBUG org.apache.http.headers - >> Accept-Encoding: gzip,deflate
16:29:00.113 [main] DEBUG org.apache.http.wire -  >> "{[\r][\n]"
16:29:00.114 [main] DEBUG org.apache.http.wire -  >> "  "name": "Six minutes",[\r][\n]"
16:29:00.114 [main] DEBUG org.apache.http.wire -  >> "  "isbn": "six",[\r][\n]"
16:29:00.114 [main] DEBUG org.apache.http.wire -  >> "  "aisle": "262",[\r][\n]"
16:29:00.114 [main] DEBUG org.apache.http.wire -  >> "  "author": "Kiraz"[\r][\n]"
16:29:00.117 [main] DEBUG org.apache.http.wire -  >> "}[\r][\n]"
16:29:00.466 [main] DEBUG org.apache.http.wire -  << "HTTP/1.1 404 Not Found[\r][\n]"
16:29:00.470 [main] DEBUG org.apache.http.wire -  << "Date: Sat, 27 Jun 2020 21:28:59 GMT[\r][\n]"
16:29:00.470 [main] DEBUG org.apache.http.wire -  << "Server: Apache[\r][\n]"
16:29:00.470 [main] DEBUG org.apache.http.wire -  << "Access-Control-Allow-Origin: *[\r][\n]"
16:29:00.470 [main] DEBUG org.apache.http.wire -  << "Access-Control-Allow-Methods: POST[\r][\n]"
16:29:00.472 [main] DEBUG org.apache.http.wire -  << "Access-Control-Max-Age: 3600[\r][\n]"
16:29:00.472 [main] DEBUG org.apache.http.wire -  << "Access-Control-Allow-Headers: Content-Type, Access-Control-Allow-Headers, Authorization, X-Requested-With[\r][\n]"
16:29:00.472 [main] DEBUG org.apache.http.wire -  << "Keep-Alive: timeout=5, max=100[\r][\n]"
16:29:00.472 [main] DEBUG org.apache.http.wire -  << "Connection: Keep-Alive[\r][\n]"
16:29:00.472 [main] DEBUG org.apache.http.wire -  << "Transfer-Encoding: chunked[\r][\n]"
16:29:00.474 [main] DEBUG org.apache.http.wire -  << "Content-Type: application/json;charset=UTF-8[\r][\n]"
16:29:00.474 [main] DEBUG org.apache.http.wire -  << "[\r][\n]"
16:29:00.475 [main] DEBUG org.apache.http.impl.conn.DefaultClientConnection - Receiving response: HTTP/1.1 404 Not Found
16:29:00.475 [main] DEBUG org.apache.http.headers - << HTTP/1.1 404 Not Found
16:29:00.475 [main] DEBUG org.apache.http.headers - << Date: Sat, 27 Jun 2020 21:28:59 GMT
16:29:00.476 [main] DEBUG org.apache.http.headers - << Server: Apache
16:29:00.478 [main] DEBUG org.apache.http.headers - << Access-Control-Allow-Origin: *
16:29:00.478 [main] DEBUG org.apache.http.headers - << Access-Control-Allow-Methods: POST
16:29:00.478 [main] DEBUG org.apache.http.headers - << Access-Control-Max-Age: 3600
16:29:00.478 [main] DEBUG org.apache.http.headers - << Access-Control-Allow-Headers: Content-Type, Access-Control-Allow-Headers, Authorization, X-Requested-With
16:29:00.479 [main] DEBUG org.apache.http.headers - << Keep-Alive: timeout=5, max=100
16:29:00.479 [main] DEBUG org.apache.http.headers - << Connection: Keep-Alive
16:29:00.480 [main] DEBUG org.apache.http.headers - << Transfer-Encoding: chunked
16:29:00.481 [main] DEBUG org.apache.http.headers - << Content-Type: application/json;charset=UTF-8
16:29:00.489 [main] DEBUG org.apache.http.impl.client.DefaultHttpClient - Connection can be kept alive for 5000 MILLISECONDS
16:29:00.521 [main] DEBUG io.restassured.internal.RequestSpecificationImpl$RestAssuredHttpBuilder - Parsing response as: application/json;charset=UTF-8
16:29:00.522 [main] DEBUG io.restassured.internal.RequestSpecificationImpl$RestAssuredHttpBuilder - Parsed data to instance of: class org.apache.http.conn.EofSensorInputStream
16:29:41.976 [main] DEBUG org.apache.http.impl.conn.BasicClientConnectionManager - Get connection for route {}->http://216.10.245.166:80
16:29:41.996 [main] DEBUG org.apache.http.impl.conn.DefaultClientConnectionOperator - Connecting to 216.10.245.166:80
16:29:42.315 [main] DEBUG org.apache.http.client.protocol.RequestAddCookies - CookieSpec selected: ignoreCookies
16:29:42.318 [main] DEBUG org.apache.http.client.protocol.RequestAuthCache - Auth cache not set in the context
16:29:42.318 [main] DEBUG org.apache.http.client.protocol.RequestTargetAuthentication - Target auth state: UNCHALLENGED
16:29:42.320 [main] DEBUG org.apache.http.client.protocol.RequestProxyAuthentication - Proxy auth state: UNCHALLENGED
16:29:42.321 [main] DEBUG org.apache.http.impl.client.DefaultHttpClient - Attempt 1 to execute request
16:29:42.323 [main] DEBUG org.apache.http.impl.conn.DefaultClientConnection - Sending request: POST /Library/Addbook.php HTTP/1.1
16:29:42.324 [main] DEBUG org.apache.http.wire -  >> "POST /Library/Addbook.php HTTP/1.1[\r][\n]"
16:29:42.326 [main] DEBUG org.apache.http.wire -  >> "Accept: */*[\r][\n]"
16:29:42.326 [main] DEBUG org.apache.http.wire -  >> "Content-Type: application/json; charset=UTF-8[\r][\n]"
16:29:42.326 [main] DEBUG org.apache.http.wire -  >> "Content-Length: 89[\r][\n]"
16:29:42.328 [main] DEBUG org.apache.http.wire -  >> "Host: 216.10.245.166[\r][\n]"
16:29:42.328 [main] DEBUG org.apache.http.wire -  >> "Connection: Keep-Alive[\r][\n]"
16:29:42.328 [main] DEBUG org.apache.http.wire -  >> "User-Agent: Apache-HttpClient/4.5.6 (Java/1.8.0_191)[\r][\n]"
16:29:42.329 [main] DEBUG org.apache.http.wire -  >> "Accept-Encoding: gzip,deflate[\r][\n]"
16:29:42.329 [main] DEBUG org.apache.http.wire -  >> "[\r][\n]"
16:29:42.329 [main] DEBUG org.apache.http.headers - >> POST /Library/Addbook.php HTTP/1.1
16:29:42.330 [main] DEBUG org.apache.http.headers - >> Accept: */*
16:29:42.331 [main] DEBUG org.apache.http.headers - >> Content-Type: application/json; charset=UTF-8
16:29:42.331 [main] DEBUG org.apache.http.headers - >> Content-Length: 89
16:29:42.331 [main] DEBUG org.apache.http.headers - >> Host: 216.10.245.166
16:29:42.331 [main] DEBUG org.apache.http.headers - >> Connection: Keep-Alive
16:29:42.331 [main] DEBUG org.apache.http.headers - >> User-Agent: Apache-HttpClient/4.5.6 (Java/1.8.0_191)
16:29:42.331 [main] DEBUG org.apache.http.headers - >> Accept-Encoding: gzip,deflate
16:29:42.333 [main] DEBUG org.apache.http.wire -  >> "{[\r][\n]"
16:29:42.333 [main] DEBUG org.apache.http.wire -  >> "  "name": "Six minutes",[\r][\n]"
16:29:42.333 [main] DEBUG org.apache.http.wire -  >> "  "isbn": "six",[\r][\n]"
16:29:42.334 [main] DEBUG org.apache.http.wire -  >> "  "aisle": "300",[\r][\n]"
16:29:42.334 [main] DEBUG org.apache.http.wire -  >> "  "author": "Xose"[\r][\n]"
16:29:42.334 [main] DEBUG org.apache.http.wire -  >> "}[\r][\n]"
16:29:42.686 [main] DEBUG org.apache.http.wire -  << "HTTP/1.1 200 OK[\r][\n]"
16:29:42.691 [main] DEBUG org.apache.http.wire -  << "Date: Sat, 27 Jun 2020 21:29:41 GMT[\r][\n]"
16:29:42.691 [main] DEBUG org.apache.http.wire -  << "Server: Apache[\r][\n]"
16:29:42.691 [main] DEBUG org.apache.http.wire -  << "Access-Control-Allow-Origin: *[\r][\n]"
16:29:42.691 [main] DEBUG org.apache.http.wire -  << "Access-Control-Allow-Methods: POST[\r][\n]"
16:29:42.692 [main] DEBUG org.apache.http.wire -  << "Access-Control-Max-Age: 3600[\r][\n]"
16:29:42.692 [main] DEBUG org.apache.http.wire -  << "Access-Control-Allow-Headers: Content-Type, Access-Control-Allow-Headers, Authorization, X-Requested-With[\r][\n]"
16:29:42.693 [main] DEBUG org.apache.http.wire -  << "Keep-Alive: timeout=5, max=100[\r][\n]"
16:29:42.693 [main] DEBUG org.apache.http.wire -  << "Connection: Keep-Alive[\r][\n]"
16:29:42.693 [main] DEBUG org.apache.http.wire -  << "Transfer-Encoding: chunked[\r][\n]"
16:29:42.693 [main] DEBUG org.apache.http.wire -  << "Content-Type: application/json;charset=UTF-8[\r][\n]"
16:29:42.693 [main] DEBUG org.apache.http.wire -  << "[\r][\n]"
16:29:42.695 [main] DEBUG org.apache.http.impl.conn.DefaultClientConnection - Receiving response: HTTP/1.1 200 OK
16:29:42.695 [main] DEBUG org.apache.http.headers - << HTTP/1.1 200 OK
16:29:42.695 [main] DEBUG org.apache.http.headers - << Date: Sat, 27 Jun 2020 21:29:41 GMT
16:29:42.696 [main] DEBUG org.apache.http.headers - << Server: Apache
16:29:42.696 [main] DEBUG org.apache.http.headers - << Access-Control-Allow-Origin: *
16:29:42.696 [main] DEBUG org.apache.http.headers - << Access-Control-Allow-Methods: POST
16:29:42.697 [main] DEBUG org.apache.http.headers - << Access-Control-Max-Age: 3600
16:29:42.697 [main] DEBUG org.apache.http.headers - << Access-Control-Allow-Headers: Content-Type, Access-Control-Allow-Headers, Authorization, X-Requested-With
16:29:42.697 [main] DEBUG org.apache.http.headers - << Keep-Alive: timeout=5, max=100
16:29:42.697 [main] DEBUG org.apache.http.headers - << Connection: Keep-Alive
16:29:42.697 [main] DEBUG org.apache.http.headers - << Transfer-Encoding: chunked
16:29:42.698 [main] DEBUG org.apache.http.headers - << Content-Type: application/json;charset=UTF-8
16:29:42.706 [main] DEBUG org.apache.http.impl.client.DefaultHttpClient - Connection can be kept alive for 5000 MILLISECONDS
16:29:42.726 [main] DEBUG io.restassured.internal.RequestSpecificationImpl$RestAssuredHttpBuilder - Parsing response as: application/json;charset=UTF-8
16:29:42.726 [main] DEBUG io.restassured.internal.RequestSpecificationImpl$RestAssuredHttpBuilder - Parsed data to instance of: class org.apache.http.conn.EofSensorInputStream
16:29:42.904 [main] DEBUG org.apache.http.wire -  << "2a[\r][\n]"
16:29:42.906 [main] DEBUG org.apache.http.wire -  << "{"Msg":"successfully added","ID":"six300"}"
16:29:42.907 [main] DEBUG org.apache.http.wire -  << "[\r][\n]"
16:29:42.907 [main] DEBUG org.apache.http.wire -  << "0[\r][\n]"
16:29:42.907 [main] DEBUG org.apache.http.wire -  << "[\r][\n]"
16:29:42.907 [main] DEBUG org.apache.http.impl.conn.BasicClientConnectionManager - Releasing connection org.apache.http.impl.conn.ManagedClientConnectionImpl@3e521715
16:29:42.907 [main] DEBUG org.apache.http.impl.conn.BasicClientConnectionManager - Connection can be kept alive for 5000 MILLISECONDS
